<!DOCTYPE html>
<html xmlns="http://www.w3.org/1999/xhtml" xml:lang="en" lang="en">
<head>
    <meta http-equiv="Content-Type" content="text/html; charset=UTF-8"/>

    
    
    <link rel="SHORTCUT ICON" href="../img/clover.ico" />

    <link rel="stylesheet" href="../aui/css/aui.min.css" media="all"/>
    <link rel="stylesheet" href="../aui/css/aui-experimental.min.css" media="all"/>
    <!--[if IE 9]><link rel="stylesheet" href="../aui/css/aui-ie9.min.css" media="all"/><![endif]-->

    <style type="text/css" media="all">
        @import url('../style.css');
        @import url('../tree.css');
        
    </style>

    <script src="../jquery-1.8.3.min.js" type="text/javascript"></script>
    <script src="../aui/js/aui.min.js" type="text/javascript"></script>
    <script src="../aui/js/aui-experimental.min.js" type="text/javascript"></script>
    <script src="../aui/js/aui-soy.min.js" type="text/javascript"></script>

    <script src="../package-nodes-tree.js" type="text/javascript"></script>
    <script src="../clover-tree.js" type="text/javascript"></script>
    <script src="../clover.js" type="text/javascript"></script>
    <script src="../cloud.js" type="text/javascript"></script>
    <script src="../help.js" type="text/javascript"></script>
    <script src="../overlibmws.js" type="text/javascript"><!-- overLIB (c) Erik Bosrup --></script>
    <script src="../overlibmws_shadow.js" type="text/javascript"></script>
    <script src="../sorttable.js" type="text/javascript"></script>
    <script src="../utils.js" type="text/javascript"></script>

            <title>Snake Coverage Report</title>
    </head>


<body  >
    <div id="page">
        
        


<header id="header" role="banner">
    <nav class="aui-header aui-dropdown2-trigger-group" role="navigation">
        <div class="aui-header-inner">
            <div class="aui-header-primary">
                <h1 id="logo" class="aui-header-logo aui-header-logo-clover">
                    <a href="http://www.atlassian.com/clover" title="Open Atlassian Clover home page"><span class="aui-header-logo-device">Clover</span></a>
                </h1>
                            </div>
            <div class="aui-header-secondary">
                <ul class="aui-nav">
                    <li id="system-help-menu">
                        <a class="aui-nav-link" title="Open online Clover documentation" target="_blank"
                           href="https://confluence.atlassian.com/display/CLOVER/Clover+Documentation+Home">
                            <span class="aui-icon aui-icon-small aui-iconfont-help">&#160;Help</span>
                        </a>
                    </li>
                </ul>
            </div>
        </div>
    </nav>
</header>
        
        <div class="aui-page-panel">
            <div class="aui-page-panel-inner">
                <div class="aui-page-panel-nav aui-page-panel-nav-clover">
                    

<div class="aui-page-header-inner" style="margin-bottom: 20px;">
    <div class="aui-page-header-image">
                <div class="aui-avatar aui-avatar-large aui-avatar-project">
            <div class="aui-avatar-inner">
                                    <img src="../img/clover_logo_large.png" alt="Clover icon"/>
                            </div>
        </div>
            </div>
    <div class="aui-page-header-main" >
        <h1>
                                        Snake Coverage Report
                                </h1>
    </div>
</div>

<nav class="aui-navgroup aui-navgroup-vertical">
    <div class="aui-navgroup-inner">
                                            <ul class="aui-nav">
                <li class="">
                    <a href="../dashboard.html">Project overview</a>
                </li>
            </ul>
        
                <div class="aui-nav-heading packages-nav-heading">
            <strong>Packages</strong>
        </div>
        <div class="aui-nav project-packages">
            <form method="get" action="#" class="aui package-filter-container">
                <input type="text" autocomplete="off" class="package-filter text"
                       placeholder="Type to filter packages..." name="package-filter" id="package-filter"
                       title="Start typing package name (or part of the name) to search through the tree. Use arrow keys and the Enter key to navigate."/>
            </form>
            <p class="package-filter-no-results-message hidden">
                <small>No results found.</small>
            </p>
                                                <div class="packages-tree-wrapper" data-root-relative="../" data-package-name="Juego">
                <div class="packages-tree-container"></div>
                <div class="clover-packages-lozenges"></div>
            </div>
        </div>
        
            </div>
</nav>                </div>
                <section class="aui-page-panel-content">
                    <div class="aui-page-panel-content-clover">

                    
                    <ol class="aui-nav aui-nav-breadcrumbs">
            
        <li><a href="../dashboard.html">Project Clover database mi√© may 27 2015 01:10:23 CEST</a></li> 
        <li><a href="testsrc-pkg-summary.html">        Package Juego</a></li> 
    </ol>
    
<h1 class="aui-h2-clover">
            File SerpienteTest.java
    </h1>


    <div class="aui-message aui-message-warning">
        <p class="title">
            <strong>Evaluation License</strong>
        </p>
        <p>
            This report was generated with an evaluation server license.  <a href="http://www.atlassian.com/software/clover">Purchase Clover</a> or <a href="http://confluence.atlassian.com/x/JAgQCQ">configure your license.</a>
        </p>
    </div>




    <div style="display:none;">
        <span id="traceControl" class="expand">&#160;</span>
                    <div id="trace-33">
                <div id="traceCol33" class="errorMessage" ><a href="../Juego/SerpienteTest_testAvance_x.html" style="font-weight:bold;">testAvance</a>: <span style="color:#888;">expected:&lt;30&gt;&#160;but&#160;was:&lt;20&gt;</span></div>
                <div id="traceEx33" class="errorMessage" style="display:none;color:#888;"><a href="../Juego/SerpienteTest_testAvance_x.html" style="font-weight:bold;">testAvance</a>: <div>java.lang.AssertionError: expected:&lt;30&gt; but was:&lt;20&gt;</div><div> at org.junit.Assert.fail(Assert.java:88)</div><div> at org.junit.Assert.failNotEquals(Assert.java:743)</div><div> at org.junit.Assert.assertEquals(Assert.java:118)</div><div> at org.junit.Assert.assertEquals(Assert.java:555)</div><div> at org.junit.Assert.assertEquals(Assert.java:542)</div><div>	at <a href="../Juego/SerpienteTest.html?line=22#src-22">Juego.SerpienteTest.testAvance(SerpienteTest.java:22)</a></div><div> at org.junit.runners.model.FrameworkMethod$1.runReflectiveCall(FrameworkMethod.java:47)</div><div> at org.junit.internal.runners.model.ReflectiveCallable.run(ReflectiveCallable.java:12)</div><div> at org.junit.runners.model.FrameworkMethod.invokeExplosively(FrameworkMethod.java:44)</div><div> at org.junit.internal.runners.statements.InvokeMethod.evaluate(InvokeMethod.java:17)</div><div> at org.junit.internal.runners.statements.RunBefores.evaluate(RunBefores.java:26)</div><div> at org.junit.runners.ParentRunner.runLeaf(ParentRunner.java:271)</div><div> at org.junit.runners.BlockJUnit4ClassRunner.runChild(BlockJUnit4ClassRunner.java:70)</div><div> at org.junit.runners.BlockJUnit4ClassRunner.runChild(BlockJUnit4ClassRunner.java:50)</div><div> at org.junit.runners.ParentRunner$3.run(ParentRunner.java:238)</div><div> at org.junit.runners.ParentRunner$1.schedule(ParentRunner.java:63)</div><div> at org.junit.runners.ParentRunner.runChildren(ParentRunner.java:236)</div><div> at org.junit.runners.ParentRunner.access$000(ParentRunner.java:53)</div><div> at org.junit.runners.ParentRunner$2.evaluate(ParentRunner.java:229)</div><div> at org.junit.runners.ParentRunner.run(ParentRunner.java:309)</div><div> at org.eclipse.jdt.internal.junit4.runner.JUnit4TestReference.run(JUnit4TestReference.java:50)</div><div> at org.eclipse.jdt.internal.junit.runner.TestExecution.run(TestExecution.java:38)</div><div> at org.eclipse.jdt.internal.junit.runner.RemoteTestRunner.runTests(RemoteTestRunner.java:459)</div><div> at org.eclipse.jdt.internal.junit.runner.RemoteTestRunner.runTests(RemoteTestRunner.java:675)</div><div> at org.eclipse.jdt.internal.junit.runner.RemoteTestRunner.run(RemoteTestRunner.java:382)</div><div> at org.eclipse.jdt.internal.junit.runner.RemoteTestRunner.main(RemoteTestRunner.java:192)</div></div>
            </div>
                    <div id="trace-79">
                <div id="traceCol79" class="errorMessage" ><a href="../Juego/SerpienteTest_testSetDireccion_27.html" style="font-weight:bold;">testSetDireccion</a>: <span style="color:#888;">expected:&lt;west&gt;&#160;but&#160;was:&lt;est&gt;</span></div>
                <div id="traceEx79" class="errorMessage" style="display:none;color:#888;"><a href="../Juego/SerpienteTest_testSetDireccion_27.html" style="font-weight:bold;">testSetDireccion</a>: <div>java.lang.AssertionError: expected:&lt;west&gt; but was:&lt;est&gt;</div><div> at org.junit.Assert.fail(Assert.java:88)</div><div> at org.junit.Assert.failNotEquals(Assert.java:743)</div><div> at org.junit.Assert.assertEquals(Assert.java:118)</div><div> at org.junit.Assert.assertEquals(Assert.java:144)</div><div>	at <a href="../Juego/SerpienteTest.html?line=54#src-54">Juego.SerpienteTest.testSetDireccion(SerpienteTest.java:54)</a></div><div> at org.junit.runners.model.FrameworkMethod$1.runReflectiveCall(FrameworkMethod.java:47)</div><div> at org.junit.internal.runners.model.ReflectiveCallable.run(ReflectiveCallable.java:12)</div><div> at org.junit.runners.model.FrameworkMethod.invokeExplosively(FrameworkMethod.java:44)</div><div> at org.junit.internal.runners.statements.InvokeMethod.evaluate(InvokeMethod.java:17)</div><div> at org.junit.internal.runners.statements.RunBefores.evaluate(RunBefores.java:26)</div><div> at org.junit.runners.ParentRunner.runLeaf(ParentRunner.java:271)</div><div> at org.junit.runners.BlockJUnit4ClassRunner.runChild(BlockJUnit4ClassRunner.java:70)</div><div> at org.junit.runners.BlockJUnit4ClassRunner.runChild(BlockJUnit4ClassRunner.java:50)</div><div> at org.junit.runners.ParentRunner$3.run(ParentRunner.java:238)</div><div> at org.junit.runners.ParentRunner$1.schedule(ParentRunner.java:63)</div><div> at org.junit.runners.ParentRunner.runChildren(ParentRunner.java:236)</div><div> at org.junit.runners.ParentRunner.access$000(ParentRunner.java:53)</div><div> at org.junit.runners.ParentRunner$2.evaluate(ParentRunner.java:229)</div><div> at org.junit.runners.ParentRunner.run(ParentRunner.java:309)</div><div> at org.eclipse.jdt.internal.junit4.runner.JUnit4TestReference.run(JUnit4TestReference.java:50)</div><div> at org.eclipse.jdt.internal.junit.runner.TestExecution.run(TestExecution.java:38)</div><div> at org.eclipse.jdt.internal.junit.runner.RemoteTestRunner.runTests(RemoteTestRunner.java:459)</div><div> at org.eclipse.jdt.internal.junit.runner.RemoteTestRunner.runTests(RemoteTestRunner.java:675)</div><div> at org.eclipse.jdt.internal.junit.runner.RemoteTestRunner.run(RemoteTestRunner.java:382)</div><div> at org.eclipse.jdt.internal.junit.runner.RemoteTestRunner.main(RemoteTestRunner.java:192)</div></div>
            </div>
                    <div id="trace-12">
                <div id="traceCol12" class="errorMessage" ><a href="../Juego/SerpienteTest_testAvance_c.html" style="font-weight:bold;">testAvance</a>: <span style="color:#888;">expected:&lt;31&gt;&#160;but&#160;was:&lt;21&gt;</span></div>
                <div id="traceEx12" class="errorMessage" style="display:none;color:#888;"><a href="../Juego/SerpienteTest_testAvance_c.html" style="font-weight:bold;">testAvance</a>: <div>java.lang.AssertionError: expected:&lt;31&gt; but was:&lt;21&gt;</div><div> at org.junit.Assert.fail(Assert.java:88)</div><div> at org.junit.Assert.failNotEquals(Assert.java:743)</div><div> at org.junit.Assert.assertEquals(Assert.java:118)</div><div> at org.junit.Assert.assertEquals(Assert.java:555)</div><div> at org.junit.Assert.assertEquals(Assert.java:542)</div><div>	at <a href="../Juego/SerpienteTest.html?line=25#src-25">Juego.SerpienteTest.testAvance(SerpienteTest.java:25)</a></div><div> at org.junit.runners.model.FrameworkMethod$1.runReflectiveCall(FrameworkMethod.java:47)</div><div> at org.junit.internal.runners.model.ReflectiveCallable.run(ReflectiveCallable.java:12)</div><div> at org.junit.runners.model.FrameworkMethod.invokeExplosively(FrameworkMethod.java:44)</div><div> at org.junit.internal.runners.statements.InvokeMethod.evaluate(InvokeMethod.java:17)</div><div> at org.junit.internal.runners.statements.RunBefores.evaluate(RunBefores.java:26)</div><div> at org.junit.runners.ParentRunner.runLeaf(ParentRunner.java:271)</div><div> at org.junit.runners.BlockJUnit4ClassRunner.runChild(BlockJUnit4ClassRunner.java:70)</div><div> at org.junit.runners.BlockJUnit4ClassRunner.runChild(BlockJUnit4ClassRunner.java:50)</div><div> at org.junit.runners.ParentRunner$3.run(ParentRunner.java:238)</div><div> at org.junit.runners.ParentRunner$1.schedule(ParentRunner.java:63)</div><div> at org.junit.runners.ParentRunner.runChildren(ParentRunner.java:236)</div><div> at org.junit.runners.ParentRunner.access$000(ParentRunner.java:53)</div><div> at org.junit.runners.ParentRunner$2.evaluate(ParentRunner.java:229)</div><div> at org.junit.runners.ParentRunner.run(ParentRunner.java:309)</div><div> at org.eclipse.jdt.internal.junit4.runner.JUnit4TestReference.run(JUnit4TestReference.java:50)</div><div> at org.eclipse.jdt.internal.junit.runner.TestExecution.run(TestExecution.java:38)</div><div> at org.eclipse.jdt.internal.junit.runner.RemoteTestRunner.runTests(RemoteTestRunner.java:459)</div><div> at org.eclipse.jdt.internal.junit.runner.RemoteTestRunner.runTests(RemoteTestRunner.java:675)</div><div> at org.eclipse.jdt.internal.junit.runner.RemoteTestRunner.run(RemoteTestRunner.java:382)</div><div> at org.eclipse.jdt.internal.junit.runner.RemoteTestRunner.main(RemoteTestRunner.java:192)</div></div>
            </div>
                    <div id="trace-38">
                <div id="traceCol38" class="errorMessage" ><a href="../Juego/SerpienteTest_testSetDireccion_12.html" style="font-weight:bold;">testSetDireccion</a>: <span style="color:#888;">expected:&lt;west&gt;&#160;but&#160;was:&lt;est&gt;</span></div>
                <div id="traceEx38" class="errorMessage" style="display:none;color:#888;"><a href="../Juego/SerpienteTest_testSetDireccion_12.html" style="font-weight:bold;">testSetDireccion</a>: <div>java.lang.AssertionError: expected:&lt;west&gt; but was:&lt;est&gt;</div><div> at org.junit.Assert.fail(Assert.java:88)</div><div> at org.junit.Assert.failNotEquals(Assert.java:743)</div><div> at org.junit.Assert.assertEquals(Assert.java:118)</div><div> at org.junit.Assert.assertEquals(Assert.java:144)</div><div>	at <a href="../Juego/SerpienteTest.html?line=54#src-54">Juego.SerpienteTest.testSetDireccion(SerpienteTest.java:54)</a></div><div> at org.junit.runners.model.FrameworkMethod$1.runReflectiveCall(FrameworkMethod.java:47)</div><div> at org.junit.internal.runners.model.ReflectiveCallable.run(ReflectiveCallable.java:12)</div><div> at org.junit.runners.model.FrameworkMethod.invokeExplosively(FrameworkMethod.java:44)</div><div> at org.junit.internal.runners.statements.InvokeMethod.evaluate(InvokeMethod.java:17)</div><div> at org.junit.internal.runners.statements.RunBefores.evaluate(RunBefores.java:26)</div><div> at org.junit.runners.ParentRunner.runLeaf(ParentRunner.java:271)</div><div> at org.junit.runners.BlockJUnit4ClassRunner.runChild(BlockJUnit4ClassRunner.java:70)</div><div> at org.junit.runners.BlockJUnit4ClassRunner.runChild(BlockJUnit4ClassRunner.java:50)</div><div> at org.junit.runners.ParentRunner$3.run(ParentRunner.java:238)</div><div> at org.junit.runners.ParentRunner$1.schedule(ParentRunner.java:63)</div><div> at org.junit.runners.ParentRunner.runChildren(ParentRunner.java:236)</div><div> at org.junit.runners.ParentRunner.access$000(ParentRunner.java:53)</div><div> at org.junit.runners.ParentRunner$2.evaluate(ParentRunner.java:229)</div><div> at org.junit.runners.ParentRunner.run(ParentRunner.java:309)</div><div> at org.eclipse.jdt.internal.junit4.runner.JUnit4TestReference.run(JUnit4TestReference.java:50)</div><div> at org.eclipse.jdt.internal.junit.runner.TestExecution.run(TestExecution.java:38)</div><div> at org.eclipse.jdt.internal.junit.runner.RemoteTestRunner.runTests(RemoteTestRunner.java:459)</div><div> at org.eclipse.jdt.internal.junit.runner.RemoteTestRunner.runTests(RemoteTestRunner.java:675)</div><div> at org.eclipse.jdt.internal.junit.runner.RemoteTestRunner.run(RemoteTestRunner.java:382)</div><div> at org.eclipse.jdt.internal.junit.runner.RemoteTestRunner.main(RemoteTestRunner.java:192)</div></div>
            </div>
                    <div id="trace-105">
                <div id="traceCol105" class="errorMessage" ><a href="../Juego/SerpienteTest_testGetDireccion_2x.html" style="font-weight:bold;">testGetDireccion</a>: <span style="color:#888;">expected:&lt;west&gt;&#160;but&#160;was:&lt;est&gt;</span></div>
                <div id="traceEx105" class="errorMessage" style="display:none;color:#888;"><a href="../Juego/SerpienteTest_testGetDireccion_2x.html" style="font-weight:bold;">testGetDireccion</a>: <div>java.lang.AssertionError: expected:&lt;west&gt; but was:&lt;est&gt;</div><div> at org.junit.Assert.fail(Assert.java:88)</div><div> at org.junit.Assert.failNotEquals(Assert.java:743)</div><div> at org.junit.Assert.assertEquals(Assert.java:118)</div><div> at org.junit.Assert.assertEquals(Assert.java:144)</div><div>	at <a href="../Juego/SerpienteTest.html?line=45#src-45">Juego.SerpienteTest.testGetDireccion(SerpienteTest.java:45)</a></div><div> at org.junit.runners.model.FrameworkMethod$1.runReflectiveCall(FrameworkMethod.java:47)</div><div> at org.junit.internal.runners.model.ReflectiveCallable.run(ReflectiveCallable.java:12)</div><div> at org.junit.runners.model.FrameworkMethod.invokeExplosively(FrameworkMethod.java:44)</div><div> at org.junit.internal.runners.statements.InvokeMethod.evaluate(InvokeMethod.java:17)</div><div> at org.junit.internal.runners.statements.RunBefores.evaluate(RunBefores.java:26)</div><div> at org.junit.runners.ParentRunner.runLeaf(ParentRunner.java:271)</div><div> at org.junit.runners.BlockJUnit4ClassRunner.runChild(BlockJUnit4ClassRunner.java:70)</div><div> at org.junit.runners.BlockJUnit4ClassRunner.runChild(BlockJUnit4ClassRunner.java:50)</div><div> at org.junit.runners.ParentRunner$3.run(ParentRunner.java:238)</div><div> at org.junit.runners.ParentRunner$1.schedule(ParentRunner.java:63)</div><div> at org.junit.runners.ParentRunner.runChildren(ParentRunner.java:236)</div><div> at org.junit.runners.ParentRunner.access$000(ParentRunner.java:53)</div><div> at org.junit.runners.ParentRunner$2.evaluate(ParentRunner.java:229)</div><div> at org.junit.runners.ParentRunner.run(ParentRunner.java:309)</div><div> at org.eclipse.jdt.internal.junit4.runner.JUnit4TestReference.run(JUnit4TestReference.java:50)</div><div> at org.eclipse.jdt.internal.junit.runner.TestExecution.run(TestExecution.java:38)</div><div> at org.eclipse.jdt.internal.junit.runner.RemoteTestRunner.runTests(RemoteTestRunner.java:459)</div><div> at org.eclipse.jdt.internal.junit.runner.RemoteTestRunner.runTests(RemoteTestRunner.java:675)</div><div> at org.eclipse.jdt.internal.junit.runner.RemoteTestRunner.run(RemoteTestRunner.java:382)</div><div> at org.eclipse.jdt.internal.junit.runner.RemoteTestRunner.main(RemoteTestRunner.java:192)</div></div>
            </div>
                    <div id="trace-56">
                <div id="traceCol56" class="errorMessage" ><a href="../Juego/SerpienteTest_testAvance_1k.html" style="font-weight:bold;">testAvance</a>: <span style="color:#888;">expected:&lt;30&gt;&#160;but&#160;was:&lt;20&gt;</span></div>
                <div id="traceEx56" class="errorMessage" style="display:none;color:#888;"><a href="../Juego/SerpienteTest_testAvance_1k.html" style="font-weight:bold;">testAvance</a>: <div>java.lang.AssertionError: expected:&lt;30&gt; but was:&lt;20&gt;</div><div> at org.junit.Assert.fail(Assert.java:88)</div><div> at org.junit.Assert.failNotEquals(Assert.java:743)</div><div> at org.junit.Assert.assertEquals(Assert.java:118)</div><div> at org.junit.Assert.assertEquals(Assert.java:555)</div><div> at org.junit.Assert.assertEquals(Assert.java:542)</div><div>	at <a href="../Juego/SerpienteTest.html?line=22#src-22">Juego.SerpienteTest.testAvance(SerpienteTest.java:22)</a></div><div> at org.junit.runners.model.FrameworkMethod$1.runReflectiveCall(FrameworkMethod.java:47)</div><div> at org.junit.internal.runners.model.ReflectiveCallable.run(ReflectiveCallable.java:12)</div><div> at org.junit.runners.model.FrameworkMethod.invokeExplosively(FrameworkMethod.java:44)</div><div> at org.junit.internal.runners.statements.InvokeMethod.evaluate(InvokeMethod.java:17)</div><div> at org.junit.internal.runners.statements.RunBefores.evaluate(RunBefores.java:26)</div><div> at org.junit.runners.ParentRunner.runLeaf(ParentRunner.java:271)</div><div> at org.junit.runners.BlockJUnit4ClassRunner.runChild(BlockJUnit4ClassRunner.java:70)</div><div> at org.junit.runners.BlockJUnit4ClassRunner.runChild(BlockJUnit4ClassRunner.java:50)</div><div> at org.junit.runners.ParentRunner$3.run(ParentRunner.java:238)</div><div> at org.junit.runners.ParentRunner$1.schedule(ParentRunner.java:63)</div><div> at org.junit.runners.ParentRunner.runChildren(ParentRunner.java:236)</div><div> at org.junit.runners.ParentRunner.access$000(ParentRunner.java:53)</div><div> at org.junit.runners.ParentRunner$2.evaluate(ParentRunner.java:229)</div><div> at org.junit.runners.ParentRunner.run(ParentRunner.java:309)</div><div> at org.eclipse.jdt.internal.junit4.runner.JUnit4TestReference.run(JUnit4TestReference.java:50)</div><div> at org.eclipse.jdt.internal.junit.runner.TestExecution.run(TestExecution.java:38)</div><div> at org.eclipse.jdt.internal.junit.runner.RemoteTestRunner.runTests(RemoteTestRunner.java:459)</div><div> at org.eclipse.jdt.internal.junit.runner.RemoteTestRunner.runTests(RemoteTestRunner.java:675)</div><div> at org.eclipse.jdt.internal.junit.runner.RemoteTestRunner.run(RemoteTestRunner.java:382)</div><div> at org.eclipse.jdt.internal.junit.runner.RemoteTestRunner.main(RemoteTestRunner.java:192)</div></div>
            </div>
                    <div id="trace-6">
                <div id="traceCol6" class="errorMessage" ><a href="../Juego/SerpienteTest_testGetDireccion_6.html" style="font-weight:bold;">testGetDireccion</a>: <span style="color:#888;">expected:&lt;west&gt;&#160;but&#160;was:&lt;est&gt;</span></div>
                <div id="traceEx6" class="errorMessage" style="display:none;color:#888;"><a href="../Juego/SerpienteTest_testGetDireccion_6.html" style="font-weight:bold;">testGetDireccion</a>: <div>java.lang.AssertionError: expected:&lt;west&gt; but was:&lt;est&gt;</div><div> at org.junit.Assert.fail(Assert.java:88)</div><div> at org.junit.Assert.failNotEquals(Assert.java:743)</div><div> at org.junit.Assert.assertEquals(Assert.java:118)</div><div> at org.junit.Assert.assertEquals(Assert.java:144)</div><div>	at <a href="../Juego/SerpienteTest.html?line=45#src-45">Juego.SerpienteTest.testGetDireccion(SerpienteTest.java:45)</a></div><div> at org.junit.runners.model.FrameworkMethod$1.runReflectiveCall(FrameworkMethod.java:47)</div><div> at org.junit.internal.runners.model.ReflectiveCallable.run(ReflectiveCallable.java:12)</div><div> at org.junit.runners.model.FrameworkMethod.invokeExplosively(FrameworkMethod.java:44)</div><div> at org.junit.internal.runners.statements.InvokeMethod.evaluate(InvokeMethod.java:17)</div><div> at org.junit.internal.runners.statements.RunBefores.evaluate(RunBefores.java:26)</div><div> at org.junit.runners.ParentRunner.runLeaf(ParentRunner.java:271)</div><div> at org.junit.runners.BlockJUnit4ClassRunner.runChild(BlockJUnit4ClassRunner.java:70)</div><div> at org.junit.runners.BlockJUnit4ClassRunner.runChild(BlockJUnit4ClassRunner.java:50)</div><div> at org.junit.runners.ParentRunner$3.run(ParentRunner.java:238)</div><div> at org.junit.runners.ParentRunner$1.schedule(ParentRunner.java:63)</div><div> at org.junit.runners.ParentRunner.runChildren(ParentRunner.java:236)</div><div> at org.junit.runners.ParentRunner.access$000(ParentRunner.java:53)</div><div> at org.junit.runners.ParentRunner$2.evaluate(ParentRunner.java:229)</div><div> at org.junit.runners.ParentRunner.run(ParentRunner.java:309)</div><div> at org.eclipse.jdt.internal.junit4.runner.JUnit4TestReference.run(JUnit4TestReference.java:50)</div><div> at org.eclipse.jdt.internal.junit.runner.TestExecution.run(TestExecution.java:38)</div><div> at org.eclipse.jdt.internal.junit.runner.RemoteTestRunner.runTests(RemoteTestRunner.java:459)</div><div> at org.eclipse.jdt.internal.junit.runner.RemoteTestRunner.runTests(RemoteTestRunner.java:675)</div><div> at org.eclipse.jdt.internal.junit.runner.RemoteTestRunner.run(RemoteTestRunner.java:382)</div><div> at org.eclipse.jdt.internal.junit.runner.RemoteTestRunner.main(RemoteTestRunner.java:192)</div></div>
            </div>
                    <div id="trace-91">
                <div id="traceCol91" class="errorMessage" ><a href="../Juego/SerpienteTest_testAvance_2j.html" style="font-weight:bold;">testAvance</a>: <span style="color:#888;">expected:&lt;31&gt;&#160;but&#160;was:&lt;21&gt;</span></div>
                <div id="traceEx91" class="errorMessage" style="display:none;color:#888;"><a href="../Juego/SerpienteTest_testAvance_2j.html" style="font-weight:bold;">testAvance</a>: <div>java.lang.AssertionError: expected:&lt;31&gt; but was:&lt;21&gt;</div><div> at org.junit.Assert.fail(Assert.java:88)</div><div> at org.junit.Assert.failNotEquals(Assert.java:743)</div><div> at org.junit.Assert.assertEquals(Assert.java:118)</div><div> at org.junit.Assert.assertEquals(Assert.java:555)</div><div> at org.junit.Assert.assertEquals(Assert.java:542)</div><div>	at <a href="../Juego/SerpienteTest.html?line=25#src-25">Juego.SerpienteTest.testAvance(SerpienteTest.java:25)</a></div><div> at org.junit.runners.model.FrameworkMethod$1.runReflectiveCall(FrameworkMethod.java:47)</div><div> at org.junit.internal.runners.model.ReflectiveCallable.run(ReflectiveCallable.java:12)</div><div> at org.junit.runners.model.FrameworkMethod.invokeExplosively(FrameworkMethod.java:44)</div><div> at org.junit.internal.runners.statements.InvokeMethod.evaluate(InvokeMethod.java:17)</div><div> at org.junit.internal.runners.statements.RunBefores.evaluate(RunBefores.java:26)</div><div> at org.junit.runners.ParentRunner.runLeaf(ParentRunner.java:271)</div><div> at org.junit.runners.BlockJUnit4ClassRunner.runChild(BlockJUnit4ClassRunner.java:70)</div><div> at org.junit.runners.BlockJUnit4ClassRunner.runChild(BlockJUnit4ClassRunner.java:50)</div><div> at org.junit.runners.ParentRunner$3.run(ParentRunner.java:238)</div><div> at org.junit.runners.ParentRunner$1.schedule(ParentRunner.java:63)</div><div> at org.junit.runners.ParentRunner.runChildren(ParentRunner.java:236)</div><div> at org.junit.runners.ParentRunner.access$000(ParentRunner.java:53)</div><div> at org.junit.runners.ParentRunner$2.evaluate(ParentRunner.java:229)</div><div> at org.junit.runners.ParentRunner.run(ParentRunner.java:309)</div><div> at org.eclipse.jdt.internal.junit4.runner.JUnit4TestReference.run(JUnit4TestReference.java:50)</div><div> at org.eclipse.jdt.internal.junit.runner.TestExecution.run(TestExecution.java:38)</div><div> at org.eclipse.jdt.internal.junit.runner.RemoteTestRunner.runTests(RemoteTestRunner.java:459)</div><div> at org.eclipse.jdt.internal.junit.runner.RemoteTestRunner.runTests(RemoteTestRunner.java:675)</div><div> at org.eclipse.jdt.internal.junit.runner.RemoteTestRunner.run(RemoteTestRunner.java:382)</div><div> at org.eclipse.jdt.internal.junit.runner.RemoteTestRunner.main(RemoteTestRunner.java:192)</div></div>
            </div>
                    <div id="trace-130">
                <div id="traceCol130" class="errorMessage" ><a href="../Juego/SerpienteTest_testGetDireccion_3m.html" style="font-weight:bold;">testGetDireccion</a>: <span style="color:#888;">expected:&lt;west&gt;&#160;but&#160;was:&lt;est&gt;</span></div>
                <div id="traceEx130" class="errorMessage" style="display:none;color:#888;"><a href="../Juego/SerpienteTest_testGetDireccion_3m.html" style="font-weight:bold;">testGetDireccion</a>: <div>java.lang.AssertionError: expected:&lt;west&gt; but was:&lt;est&gt;</div><div> at org.junit.Assert.fail(Assert.java:88)</div><div> at org.junit.Assert.failNotEquals(Assert.java:743)</div><div> at org.junit.Assert.assertEquals(Assert.java:118)</div><div> at org.junit.Assert.assertEquals(Assert.java:144)</div><div>	at <a href="../Juego/SerpienteTest.html?line=45#src-45">Juego.SerpienteTest.testGetDireccion(SerpienteTest.java:45)</a></div><div> at org.junit.runners.model.FrameworkMethod$1.runReflectiveCall(FrameworkMethod.java:47)</div><div> at org.junit.internal.runners.model.ReflectiveCallable.run(ReflectiveCallable.java:12)</div><div> at org.junit.runners.model.FrameworkMethod.invokeExplosively(FrameworkMethod.java:44)</div><div> at org.junit.internal.runners.statements.InvokeMethod.evaluate(InvokeMethod.java:17)</div><div> at org.junit.internal.runners.statements.RunBefores.evaluate(RunBefores.java:26)</div><div> at org.junit.runners.ParentRunner.runLeaf(ParentRunner.java:271)</div><div> at org.junit.runners.BlockJUnit4ClassRunner.runChild(BlockJUnit4ClassRunner.java:70)</div><div> at org.junit.runners.BlockJUnit4ClassRunner.runChild(BlockJUnit4ClassRunner.java:50)</div><div> at org.junit.runners.ParentRunner$3.run(ParentRunner.java:238)</div><div> at org.junit.runners.ParentRunner$1.schedule(ParentRunner.java:63)</div><div> at org.junit.runners.ParentRunner.runChildren(ParentRunner.java:236)</div><div> at org.junit.runners.ParentRunner.access$000(ParentRunner.java:53)</div><div> at org.junit.runners.ParentRunner$2.evaluate(ParentRunner.java:229)</div><div> at org.junit.runners.ParentRunner.run(ParentRunner.java:309)</div><div> at org.eclipse.jdt.internal.junit4.runner.JUnit4TestReference.run(JUnit4TestReference.java:50)</div><div> at org.eclipse.jdt.internal.junit.runner.TestExecution.run(TestExecution.java:38)</div><div> at org.eclipse.jdt.internal.junit.runner.RemoteTestRunner.runTests(RemoteTestRunner.java:459)</div><div> at org.eclipse.jdt.internal.junit.runner.RemoteTestRunner.runTests(RemoteTestRunner.java:675)</div><div> at org.eclipse.jdt.internal.junit.runner.RemoteTestRunner.run(RemoteTestRunner.java:382)</div><div> at org.eclipse.jdt.internal.junit.runner.RemoteTestRunner.main(RemoteTestRunner.java:192)</div></div>
            </div>
                    <div id="trace-102">
                <div id="traceCol102" class="errorMessage" ><a href="../Juego/SerpienteTest_testGetDireccion_2u.html" style="font-weight:bold;">testGetDireccion</a>: <span style="color:#888;">expected:&lt;west&gt;&#160;but&#160;was:&lt;est&gt;</span></div>
                <div id="traceEx102" class="errorMessage" style="display:none;color:#888;"><a href="../Juego/SerpienteTest_testGetDireccion_2u.html" style="font-weight:bold;">testGetDireccion</a>: <div>java.lang.AssertionError: expected:&lt;west&gt; but was:&lt;est&gt;</div><div> at org.junit.Assert.fail(Assert.java:88)</div><div> at org.junit.Assert.failNotEquals(Assert.java:743)</div><div> at org.junit.Assert.assertEquals(Assert.java:118)</div><div> at org.junit.Assert.assertEquals(Assert.java:144)</div><div>	at <a href="../Juego/SerpienteTest.html?line=45#src-45">Juego.SerpienteTest.testGetDireccion(SerpienteTest.java:45)</a></div><div> at org.junit.runners.model.FrameworkMethod$1.runReflectiveCall(FrameworkMethod.java:47)</div><div> at org.junit.internal.runners.model.ReflectiveCallable.run(ReflectiveCallable.java:12)</div><div> at org.junit.runners.model.FrameworkMethod.invokeExplosively(FrameworkMethod.java:44)</div><div> at org.junit.internal.runners.statements.InvokeMethod.evaluate(InvokeMethod.java:17)</div><div> at org.junit.internal.runners.statements.RunBefores.evaluate(RunBefores.java:26)</div><div> at org.junit.runners.ParentRunner.runLeaf(ParentRunner.java:271)</div><div> at org.junit.runners.BlockJUnit4ClassRunner.runChild(BlockJUnit4ClassRunner.java:70)</div><div> at org.junit.runners.BlockJUnit4ClassRunner.runChild(BlockJUnit4ClassRunner.java:50)</div><div> at org.junit.runners.ParentRunner$3.run(ParentRunner.java:238)</div><div> at org.junit.runners.ParentRunner$1.schedule(ParentRunner.java:63)</div><div> at org.junit.runners.ParentRunner.runChildren(ParentRunner.java:236)</div><div> at org.junit.runners.ParentRunner.access$000(ParentRunner.java:53)</div><div> at org.junit.runners.ParentRunner$2.evaluate(ParentRunner.java:229)</div><div> at org.junit.runners.ParentRunner.run(ParentRunner.java:309)</div><div> at org.eclipse.jdt.internal.junit4.runner.JUnit4TestReference.run(JUnit4TestReference.java:50)</div><div> at org.eclipse.jdt.internal.junit.runner.TestExecution.run(TestExecution.java:38)</div><div> at org.eclipse.jdt.internal.junit.runner.RemoteTestRunner.runTests(RemoteTestRunner.java:459)</div><div> at org.eclipse.jdt.internal.junit.runner.RemoteTestRunner.runTests(RemoteTestRunner.java:675)</div><div> at org.eclipse.jdt.internal.junit.runner.RemoteTestRunner.run(RemoteTestRunner.java:382)</div><div> at org.eclipse.jdt.internal.junit.runner.RemoteTestRunner.main(RemoteTestRunner.java:192)</div></div>
            </div>
                    <div id="trace-22">
                <div id="traceCol22" class="errorMessage" ><a href="../Juego/SerpienteTest_testSetDireccion_m.html" style="font-weight:bold;">testSetDireccion</a>: <span style="color:#888;">expected:&lt;west&gt;&#160;but&#160;was:&lt;est&gt;</span></div>
                <div id="traceEx22" class="errorMessage" style="display:none;color:#888;"><a href="../Juego/SerpienteTest_testSetDireccion_m.html" style="font-weight:bold;">testSetDireccion</a>: <div>java.lang.AssertionError: expected:&lt;west&gt; but was:&lt;est&gt;</div><div> at org.junit.Assert.fail(Assert.java:88)</div><div> at org.junit.Assert.failNotEquals(Assert.java:743)</div><div> at org.junit.Assert.assertEquals(Assert.java:118)</div><div> at org.junit.Assert.assertEquals(Assert.java:144)</div><div>	at <a href="../Juego/SerpienteTest.html?line=54#src-54">Juego.SerpienteTest.testSetDireccion(SerpienteTest.java:54)</a></div><div> at org.junit.runners.model.FrameworkMethod$1.runReflectiveCall(FrameworkMethod.java:47)</div><div> at org.junit.internal.runners.model.ReflectiveCallable.run(ReflectiveCallable.java:12)</div><div> at org.junit.runners.model.FrameworkMethod.invokeExplosively(FrameworkMethod.java:44)</div><div> at org.junit.internal.runners.statements.InvokeMethod.evaluate(InvokeMethod.java:17)</div><div> at org.junit.internal.runners.statements.RunBefores.evaluate(RunBefores.java:26)</div><div> at org.junit.runners.ParentRunner.runLeaf(ParentRunner.java:271)</div><div> at org.junit.runners.BlockJUnit4ClassRunner.runChild(BlockJUnit4ClassRunner.java:70)</div><div> at org.junit.runners.BlockJUnit4ClassRunner.runChild(BlockJUnit4ClassRunner.java:50)</div><div> at org.junit.runners.ParentRunner$3.run(ParentRunner.java:238)</div><div> at org.junit.runners.ParentRunner$1.schedule(ParentRunner.java:63)</div><div> at org.junit.runners.ParentRunner.runChildren(ParentRunner.java:236)</div><div> at org.junit.runners.ParentRunner.access$000(ParentRunner.java:53)</div><div> at org.junit.runners.ParentRunner$2.evaluate(ParentRunner.java:229)</div><div> at org.junit.runners.ParentRunner.run(ParentRunner.java:309)</div><div> at org.eclipse.jdt.internal.junit4.runner.JUnit4TestReference.run(JUnit4TestReference.java:50)</div><div> at org.eclipse.jdt.internal.junit.runner.TestExecution.run(TestExecution.java:38)</div><div> at org.eclipse.jdt.internal.junit.runner.RemoteTestRunner.runTests(RemoteTestRunner.java:459)</div><div> at org.eclipse.jdt.internal.junit.runner.RemoteTestRunner.runTests(RemoteTestRunner.java:675)</div><div> at org.eclipse.jdt.internal.junit.runner.RemoteTestRunner.run(RemoteTestRunner.java:382)</div><div> at org.eclipse.jdt.internal.junit.runner.RemoteTestRunner.main(RemoteTestRunner.java:192)</div></div>
            </div>
                    <div id="trace-134">
                <div id="traceCol134" class="errorMessage" ><a href="../Juego/SerpienteTest_testSetDireccion_3q.html" style="font-weight:bold;">testSetDireccion</a>: <span style="color:#888;">expected:&lt;west&gt;&#160;but&#160;was:&lt;est&gt;</span></div>
                <div id="traceEx134" class="errorMessage" style="display:none;color:#888;"><a href="../Juego/SerpienteTest_testSetDireccion_3q.html" style="font-weight:bold;">testSetDireccion</a>: <div>java.lang.AssertionError: expected:&lt;west&gt; but was:&lt;est&gt;</div><div> at org.junit.Assert.fail(Assert.java:88)</div><div> at org.junit.Assert.failNotEquals(Assert.java:743)</div><div> at org.junit.Assert.assertEquals(Assert.java:118)</div><div> at org.junit.Assert.assertEquals(Assert.java:144)</div><div>	at <a href="../Juego/SerpienteTest.html?line=54#src-54">Juego.SerpienteTest.testSetDireccion(SerpienteTest.java:54)</a></div><div> at org.junit.runners.model.FrameworkMethod$1.runReflectiveCall(FrameworkMethod.java:47)</div><div> at org.junit.internal.runners.model.ReflectiveCallable.run(ReflectiveCallable.java:12)</div><div> at org.junit.runners.model.FrameworkMethod.invokeExplosively(FrameworkMethod.java:44)</div><div> at org.junit.internal.runners.statements.InvokeMethod.evaluate(InvokeMethod.java:17)</div><div> at org.junit.internal.runners.statements.RunBefores.evaluate(RunBefores.java:26)</div><div> at org.junit.runners.ParentRunner.runLeaf(ParentRunner.java:271)</div><div> at org.junit.runners.BlockJUnit4ClassRunner.runChild(BlockJUnit4ClassRunner.java:70)</div><div> at org.junit.runners.BlockJUnit4ClassRunner.runChild(BlockJUnit4ClassRunner.java:50)</div><div> at org.junit.runners.ParentRunner$3.run(ParentRunner.java:238)</div><div> at org.junit.runners.ParentRunner$1.schedule(ParentRunner.java:63)</div><div> at org.junit.runners.ParentRunner.runChildren(ParentRunner.java:236)</div><div> at org.junit.runners.ParentRunner.access$000(ParentRunner.java:53)</div><div> at org.junit.runners.ParentRunner$2.evaluate(ParentRunner.java:229)</div><div> at org.junit.runners.ParentRunner.run(ParentRunner.java:309)</div><div> at org.eclipse.jdt.internal.junit4.runner.JUnit4TestReference.run(JUnit4TestReference.java:50)</div><div> at org.eclipse.jdt.internal.junit.runner.TestExecution.run(TestExecution.java:38)</div><div> at org.eclipse.jdt.internal.junit.runner.RemoteTestRunner.runTests(RemoteTestRunner.java:459)</div><div> at org.eclipse.jdt.internal.junit.runner.RemoteTestRunner.runTests(RemoteTestRunner.java:675)</div><div> at org.eclipse.jdt.internal.junit.runner.RemoteTestRunner.run(RemoteTestRunner.java:382)</div><div> at org.eclipse.jdt.internal.junit.runner.RemoteTestRunner.main(RemoteTestRunner.java:192)</div></div>
            </div>
                    <div id="trace-186">
                <div id="traceCol186" class="errorMessage" ><a href="../Juego/SerpienteTest_testAvance_56.html" style="font-weight:bold;">testAvance</a>: <span style="color:#888;">expected:&lt;31&gt;&#160;but&#160;was:&lt;21&gt;</span></div>
                <div id="traceEx186" class="errorMessage" style="display:none;color:#888;"><a href="../Juego/SerpienteTest_testAvance_56.html" style="font-weight:bold;">testAvance</a>: <div>java.lang.AssertionError: expected:&lt;31&gt; but was:&lt;21&gt;</div><div> at org.junit.Assert.fail(Assert.java:88)</div><div> at org.junit.Assert.failNotEquals(Assert.java:743)</div><div> at org.junit.Assert.assertEquals(Assert.java:118)</div><div> at org.junit.Assert.assertEquals(Assert.java:555)</div><div> at org.junit.Assert.assertEquals(Assert.java:542)</div><div>	at <a href="../Juego/SerpienteTest.html?line=25#src-25">Juego.SerpienteTest.testAvance(SerpienteTest.java:25)</a></div><div> at org.junit.runners.model.FrameworkMethod$1.runReflectiveCall(FrameworkMethod.java:47)</div><div> at org.junit.internal.runners.model.ReflectiveCallable.run(ReflectiveCallable.java:12)</div><div> at org.junit.runners.model.FrameworkMethod.invokeExplosively(FrameworkMethod.java:44)</div><div> at org.junit.internal.runners.statements.InvokeMethod.evaluate(InvokeMethod.java:17)</div><div> at org.junit.internal.runners.statements.RunBefores.evaluate(RunBefores.java:26)</div><div> at org.junit.runners.ParentRunner.runLeaf(ParentRunner.java:271)</div><div> at org.junit.runners.BlockJUnit4ClassRunner.runChild(BlockJUnit4ClassRunner.java:70)</div><div> at org.junit.runners.BlockJUnit4ClassRunner.runChild(BlockJUnit4ClassRunner.java:50)</div><div> at org.junit.runners.ParentRunner$3.run(ParentRunner.java:238)</div><div> at org.junit.runners.ParentRunner$1.schedule(ParentRunner.java:63)</div><div> at org.junit.runners.ParentRunner.runChildren(ParentRunner.java:236)</div><div> at org.junit.runners.ParentRunner.access$000(ParentRunner.java:53)</div><div> at org.junit.runners.ParentRunner$2.evaluate(ParentRunner.java:229)</div><div> at org.junit.runners.ParentRunner.run(ParentRunner.java:309)</div><div> at org.eclipse.jdt.internal.junit4.runner.JUnit4TestReference.run(JUnit4TestReference.java:50)</div><div> at org.eclipse.jdt.internal.junit.runner.TestExecution.run(TestExecution.java:38)</div><div> at org.eclipse.jdt.internal.junit.runner.RemoteTestRunner.runTests(RemoteTestRunner.java:459)</div><div> at org.eclipse.jdt.internal.junit.runner.RemoteTestRunner.runTests(RemoteTestRunner.java:675)</div><div> at org.eclipse.jdt.internal.junit.runner.RemoteTestRunner.run(RemoteTestRunner.java:382)</div><div> at org.eclipse.jdt.internal.junit.runner.RemoteTestRunner.main(RemoteTestRunner.java:192)</div></div>
            </div>
                    <div id="trace-89">
                <div id="traceCol89" class="errorMessage" ><a href="../Juego/SerpienteTest_testSetDireccion_2h.html" style="font-weight:bold;">testSetDireccion</a>: <span style="color:#888;">expected:&lt;west&gt;&#160;but&#160;was:&lt;est&gt;</span></div>
                <div id="traceEx89" class="errorMessage" style="display:none;color:#888;"><a href="../Juego/SerpienteTest_testSetDireccion_2h.html" style="font-weight:bold;">testSetDireccion</a>: <div>java.lang.AssertionError: expected:&lt;west&gt; but was:&lt;est&gt;</div><div> at org.junit.Assert.fail(Assert.java:88)</div><div> at org.junit.Assert.failNotEquals(Assert.java:743)</div><div> at org.junit.Assert.assertEquals(Assert.java:118)</div><div> at org.junit.Assert.assertEquals(Assert.java:144)</div><div>	at <a href="../Juego/SerpienteTest.html?line=54#src-54">Juego.SerpienteTest.testSetDireccion(SerpienteTest.java:54)</a></div><div> at org.junit.runners.model.FrameworkMethod$1.runReflectiveCall(FrameworkMethod.java:47)</div><div> at org.junit.internal.runners.model.ReflectiveCallable.run(ReflectiveCallable.java:12)</div><div> at org.junit.runners.model.FrameworkMethod.invokeExplosively(FrameworkMethod.java:44)</div><div> at org.junit.internal.runners.statements.InvokeMethod.evaluate(InvokeMethod.java:17)</div><div> at org.junit.internal.runners.statements.RunBefores.evaluate(RunBefores.java:26)</div><div> at org.junit.runners.ParentRunner.runLeaf(ParentRunner.java:271)</div><div> at org.junit.runners.BlockJUnit4ClassRunner.runChild(BlockJUnit4ClassRunner.java:70)</div><div> at org.junit.runners.BlockJUnit4ClassRunner.runChild(BlockJUnit4ClassRunner.java:50)</div><div> at org.junit.runners.ParentRunner$3.run(ParentRunner.java:238)</div><div> at org.junit.runners.ParentRunner$1.schedule(ParentRunner.java:63)</div><div> at org.junit.runners.ParentRunner.runChildren(ParentRunner.java:236)</div><div> at org.junit.runners.ParentRunner.access$000(ParentRunner.java:53)</div><div> at org.junit.runners.ParentRunner$2.evaluate(ParentRunner.java:229)</div><div> at org.junit.runners.ParentRunner.run(ParentRunner.java:309)</div><div> at org.eclipse.jdt.internal.junit4.runner.JUnit4TestReference.run(JUnit4TestReference.java:50)</div><div> at org.eclipse.jdt.internal.junit.runner.TestExecution.run(TestExecution.java:38)</div><div> at org.eclipse.jdt.internal.junit.runner.RemoteTestRunner.runTests(RemoteTestRunner.java:459)</div><div> at org.eclipse.jdt.internal.junit.runner.RemoteTestRunner.runTests(RemoteTestRunner.java:675)</div><div> at org.eclipse.jdt.internal.junit.runner.RemoteTestRunner.run(RemoteTestRunner.java:382)</div><div> at org.eclipse.jdt.internal.junit.runner.RemoteTestRunner.main(RemoteTestRunner.java:192)</div></div>
            </div>
                    <div id="trace-60">
                <div id="traceCol60" class="errorMessage" ><a href="../Juego/SerpienteTest_testAvance_1o.html" style="font-weight:bold;">testAvance</a>: <span style="color:#888;">expected:&lt;30&gt;&#160;but&#160;was:&lt;20&gt;</span></div>
                <div id="traceEx60" class="errorMessage" style="display:none;color:#888;"><a href="../Juego/SerpienteTest_testAvance_1o.html" style="font-weight:bold;">testAvance</a>: <div>java.lang.AssertionError: expected:&lt;30&gt; but was:&lt;20&gt;</div><div> at org.junit.Assert.fail(Assert.java:88)</div><div> at org.junit.Assert.failNotEquals(Assert.java:743)</div><div> at org.junit.Assert.assertEquals(Assert.java:118)</div><div> at org.junit.Assert.assertEquals(Assert.java:555)</div><div> at org.junit.Assert.assertEquals(Assert.java:542)</div><div>	at <a href="../Juego/SerpienteTest.html?line=22#src-22">Juego.SerpienteTest.testAvance(SerpienteTest.java:22)</a></div><div> at org.junit.runners.model.FrameworkMethod$1.runReflectiveCall(FrameworkMethod.java:47)</div><div> at org.junit.internal.runners.model.ReflectiveCallable.run(ReflectiveCallable.java:12)</div><div> at org.junit.runners.model.FrameworkMethod.invokeExplosively(FrameworkMethod.java:44)</div><div> at org.junit.internal.runners.statements.InvokeMethod.evaluate(InvokeMethod.java:17)</div><div> at org.junit.internal.runners.statements.RunBefores.evaluate(RunBefores.java:26)</div><div> at org.junit.runners.ParentRunner.runLeaf(ParentRunner.java:271)</div><div> at org.junit.runners.BlockJUnit4ClassRunner.runChild(BlockJUnit4ClassRunner.java:70)</div><div> at org.junit.runners.BlockJUnit4ClassRunner.runChild(BlockJUnit4ClassRunner.java:50)</div><div> at org.junit.runners.ParentRunner$3.run(ParentRunner.java:238)</div><div> at org.junit.runners.ParentRunner$1.schedule(ParentRunner.java:63)</div><div> at org.junit.runners.ParentRunner.runChildren(ParentRunner.java:236)</div><div> at org.junit.runners.ParentRunner.access$000(ParentRunner.java:53)</div><div> at org.junit.runners.ParentRunner$2.evaluate(ParentRunner.java:229)</div><div> at org.junit.runners.ParentRunner.run(ParentRunner.java:309)</div><div> at org.eclipse.jdt.internal.junit4.runner.JUnit4TestReference.run(JUnit4TestReference.java:50)</div><div> at org.eclipse.jdt.internal.junit.runner.TestExecution.run(TestExecution.java:38)</div><div> at org.eclipse.jdt.internal.junit.runner.RemoteTestRunner.runTests(RemoteTestRunner.java:459)</div><div> at org.eclipse.jdt.internal.junit.runner.RemoteTestRunner.runTests(RemoteTestRunner.java:675)</div><div> at org.eclipse.jdt.internal.junit.runner.RemoteTestRunner.run(RemoteTestRunner.java:382)</div><div> at org.eclipse.jdt.internal.junit.runner.RemoteTestRunner.main(RemoteTestRunner.java:192)</div></div>
            </div>
                    <div id="trace-81">
                <div id="traceCol81" class="errorMessage" ><a href="../Juego/SerpienteTest_testGetDireccion_29.html" style="font-weight:bold;">testGetDireccion</a>: <span style="color:#888;">expected:&lt;west&gt;&#160;but&#160;was:&lt;est&gt;</span></div>
                <div id="traceEx81" class="errorMessage" style="display:none;color:#888;"><a href="../Juego/SerpienteTest_testGetDireccion_29.html" style="font-weight:bold;">testGetDireccion</a>: <div>java.lang.AssertionError: expected:&lt;west&gt; but was:&lt;est&gt;</div><div> at org.junit.Assert.fail(Assert.java:88)</div><div> at org.junit.Assert.failNotEquals(Assert.java:743)</div><div> at org.junit.Assert.assertEquals(Assert.java:118)</div><div> at org.junit.Assert.assertEquals(Assert.java:144)</div><div>	at <a href="../Juego/SerpienteTest.html?line=45#src-45">Juego.SerpienteTest.testGetDireccion(SerpienteTest.java:45)</a></div><div> at org.junit.runners.model.FrameworkMethod$1.runReflectiveCall(FrameworkMethod.java:47)</div><div> at org.junit.internal.runners.model.ReflectiveCallable.run(ReflectiveCallable.java:12)</div><div> at org.junit.runners.model.FrameworkMethod.invokeExplosively(FrameworkMethod.java:44)</div><div> at org.junit.internal.runners.statements.InvokeMethod.evaluate(InvokeMethod.java:17)</div><div> at org.junit.internal.runners.statements.RunBefores.evaluate(RunBefores.java:26)</div><div> at org.junit.runners.ParentRunner.runLeaf(ParentRunner.java:271)</div><div> at org.junit.runners.BlockJUnit4ClassRunner.runChild(BlockJUnit4ClassRunner.java:70)</div><div> at org.junit.runners.BlockJUnit4ClassRunner.runChild(BlockJUnit4ClassRunner.java:50)</div><div> at org.junit.runners.ParentRunner$3.run(ParentRunner.java:238)</div><div> at org.junit.runners.ParentRunner$1.schedule(ParentRunner.java:63)</div><div> at org.junit.runners.ParentRunner.runChildren(ParentRunner.java:236)</div><div> at org.junit.runners.ParentRunner.access$000(ParentRunner.java:53)</div><div> at org.junit.runners.ParentRunner$2.evaluate(ParentRunner.java:229)</div><div> at org.junit.runners.ParentRunner.run(ParentRunner.java:309)</div><div> at org.eclipse.jdt.internal.junit4.runner.JUnit4TestReference.run(JUnit4TestReference.java:50)</div><div> at org.eclipse.jdt.internal.junit.runner.TestExecution.run(TestExecution.java:38)</div><div> at org.eclipse.jdt.internal.junit.runner.RemoteTestRunner.runTests(RemoteTestRunner.java:459)</div><div> at org.eclipse.jdt.internal.junit.runner.RemoteTestRunner.runTests(RemoteTestRunner.java:675)</div><div> at org.eclipse.jdt.internal.junit.runner.RemoteTestRunner.run(RemoteTestRunner.java:382)</div><div> at org.eclipse.jdt.internal.junit.runner.RemoteTestRunner.main(RemoteTestRunner.java:192)</div></div>
            </div>
                    <div id="trace-191">
                <div id="traceCol191" class="errorMessage" ><a href="../Juego/SerpienteTest_testAvance_5b.html" style="font-weight:bold;">testAvance</a>: <span style="color:#888;">expected:&lt;30&gt;&#160;but&#160;was:&lt;20&gt;</span></div>
                <div id="traceEx191" class="errorMessage" style="display:none;color:#888;"><a href="../Juego/SerpienteTest_testAvance_5b.html" style="font-weight:bold;">testAvance</a>: <div>java.lang.AssertionError: expected:&lt;30&gt; but was:&lt;20&gt;</div><div> at org.junit.Assert.fail(Assert.java:88)</div><div> at org.junit.Assert.failNotEquals(Assert.java:743)</div><div> at org.junit.Assert.assertEquals(Assert.java:118)</div><div> at org.junit.Assert.assertEquals(Assert.java:555)</div><div> at org.junit.Assert.assertEquals(Assert.java:542)</div><div>	at <a href="../Juego/SerpienteTest.html?line=22#src-22">Juego.SerpienteTest.testAvance(SerpienteTest.java:22)</a></div><div> at org.junit.runners.model.FrameworkMethod$1.runReflectiveCall(FrameworkMethod.java:47)</div><div> at org.junit.internal.runners.model.ReflectiveCallable.run(ReflectiveCallable.java:12)</div><div> at org.junit.runners.model.FrameworkMethod.invokeExplosively(FrameworkMethod.java:44)</div><div> at org.junit.internal.runners.statements.InvokeMethod.evaluate(InvokeMethod.java:17)</div><div> at org.junit.internal.runners.statements.RunBefores.evaluate(RunBefores.java:26)</div><div> at org.junit.runners.ParentRunner.runLeaf(ParentRunner.java:271)</div><div> at org.junit.runners.BlockJUnit4ClassRunner.runChild(BlockJUnit4ClassRunner.java:70)</div><div> at org.junit.runners.BlockJUnit4ClassRunner.runChild(BlockJUnit4ClassRunner.java:50)</div><div> at org.junit.runners.ParentRunner$3.run(ParentRunner.java:238)</div><div> at org.junit.runners.ParentRunner$1.schedule(ParentRunner.java:63)</div><div> at org.junit.runners.ParentRunner.runChildren(ParentRunner.java:236)</div><div> at org.junit.runners.ParentRunner.access$000(ParentRunner.java:53)</div><div> at org.junit.runners.ParentRunner$2.evaluate(ParentRunner.java:229)</div><div> at org.junit.runners.ParentRunner.run(ParentRunner.java:309)</div><div> at org.eclipse.jdt.internal.junit4.runner.JUnit4TestReference.run(JUnit4TestReference.java:50)</div><div> at org.eclipse.jdt.internal.junit.runner.TestExecution.run(TestExecution.java:38)</div><div> at org.eclipse.jdt.internal.junit.runner.RemoteTestRunner.runTests(RemoteTestRunner.java:459)</div><div> at org.eclipse.jdt.internal.junit.runner.RemoteTestRunner.runTests(RemoteTestRunner.java:675)</div><div> at org.eclipse.jdt.internal.junit.runner.RemoteTestRunner.run(RemoteTestRunner.java:382)</div><div> at org.eclipse.jdt.internal.junit.runner.RemoteTestRunner.main(RemoteTestRunner.java:192)</div></div>
            </div>
                    <div id="trace-153">
                <div id="traceCol153" class="errorMessage" ><a href="../Juego/SerpienteTest_testAvance_49.html" style="font-weight:bold;">testAvance</a>: <span style="color:#888;">expected:&lt;20&gt;&#160;but&#160;was:&lt;19&gt;</span></div>
                <div id="traceEx153" class="errorMessage" style="display:none;color:#888;"><a href="../Juego/SerpienteTest_testAvance_49.html" style="font-weight:bold;">testAvance</a>: <div>java.lang.AssertionError: expected:&lt;20&gt; but was:&lt;19&gt;</div><div> at org.junit.Assert.fail(Assert.java:88)</div><div> at org.junit.Assert.failNotEquals(Assert.java:743)</div><div> at org.junit.Assert.assertEquals(Assert.java:118)</div><div> at org.junit.Assert.assertEquals(Assert.java:555)</div><div> at org.junit.Assert.assertEquals(Assert.java:542)</div><div>	at <a href="../Juego/SerpienteTest.html?line=25#src-25">Juego.SerpienteTest.testAvance(SerpienteTest.java:25)</a></div><div> at org.junit.runners.model.FrameworkMethod$1.runReflectiveCall(FrameworkMethod.java:47)</div><div> at org.junit.internal.runners.model.ReflectiveCallable.run(ReflectiveCallable.java:12)</div><div> at org.junit.runners.model.FrameworkMethod.invokeExplosively(FrameworkMethod.java:44)</div><div> at org.junit.internal.runners.statements.InvokeMethod.evaluate(InvokeMethod.java:17)</div><div> at org.junit.internal.runners.statements.RunBefores.evaluate(RunBefores.java:26)</div><div> at org.junit.runners.ParentRunner.runLeaf(ParentRunner.java:271)</div><div> at org.junit.runners.BlockJUnit4ClassRunner.runChild(BlockJUnit4ClassRunner.java:70)</div><div> at org.junit.runners.BlockJUnit4ClassRunner.runChild(BlockJUnit4ClassRunner.java:50)</div><div> at org.junit.runners.ParentRunner$3.run(ParentRunner.java:238)</div><div> at org.junit.runners.ParentRunner$1.schedule(ParentRunner.java:63)</div><div> at org.junit.runners.ParentRunner.runChildren(ParentRunner.java:236)</div><div> at org.junit.runners.ParentRunner.access$000(ParentRunner.java:53)</div><div> at org.junit.runners.ParentRunner$2.evaluate(ParentRunner.java:229)</div><div> at org.junit.runners.ParentRunner.run(ParentRunner.java:309)</div><div> at org.eclipse.jdt.internal.junit4.runner.JUnit4TestReference.run(JUnit4TestReference.java:50)</div><div> at org.eclipse.jdt.internal.junit.runner.TestExecution.run(TestExecution.java:38)</div><div> at org.eclipse.jdt.internal.junit.runner.RemoteTestRunner.runTests(RemoteTestRunner.java:459)</div><div> at org.eclipse.jdt.internal.junit.runner.RemoteTestRunner.runTests(RemoteTestRunner.java:675)</div><div> at org.eclipse.jdt.internal.junit.runner.RemoteTestRunner.run(RemoteTestRunner.java:382)</div><div> at org.eclipse.jdt.internal.junit.runner.RemoteTestRunner.main(RemoteTestRunner.java:192)</div></div>
            </div>
                    <div id="trace-175">
                <div id="traceCol175" class="errorMessage" ><a href="../Juego/SerpienteTest_testAvance_4v.html" style="font-weight:bold;">testAvance</a>: <span style="color:#888;">expected:&lt;20&gt;&#160;but&#160;was:&lt;21&gt;</span></div>
                <div id="traceEx175" class="errorMessage" style="display:none;color:#888;"><a href="../Juego/SerpienteTest_testAvance_4v.html" style="font-weight:bold;">testAvance</a>: <div>java.lang.AssertionError: expected:&lt;20&gt; but was:&lt;21&gt;</div><div> at org.junit.Assert.fail(Assert.java:88)</div><div> at org.junit.Assert.failNotEquals(Assert.java:743)</div><div> at org.junit.Assert.assertEquals(Assert.java:118)</div><div> at org.junit.Assert.assertEquals(Assert.java:555)</div><div> at org.junit.Assert.assertEquals(Assert.java:542)</div><div>	at <a href="../Juego/SerpienteTest.html?line=25#src-25">Juego.SerpienteTest.testAvance(SerpienteTest.java:25)</a></div><div> at org.junit.runners.model.FrameworkMethod$1.runReflectiveCall(FrameworkMethod.java:47)</div><div> at org.junit.internal.runners.model.ReflectiveCallable.run(ReflectiveCallable.java:12)</div><div> at org.junit.runners.model.FrameworkMethod.invokeExplosively(FrameworkMethod.java:44)</div><div> at org.junit.internal.runners.statements.InvokeMethod.evaluate(InvokeMethod.java:17)</div><div> at org.junit.internal.runners.statements.RunBefores.evaluate(RunBefores.java:26)</div><div> at org.junit.runners.ParentRunner.runLeaf(ParentRunner.java:271)</div><div> at org.junit.runners.BlockJUnit4ClassRunner.runChild(BlockJUnit4ClassRunner.java:70)</div><div> at org.junit.runners.BlockJUnit4ClassRunner.runChild(BlockJUnit4ClassRunner.java:50)</div><div> at org.junit.runners.ParentRunner$3.run(ParentRunner.java:238)</div><div> at org.junit.runners.ParentRunner$1.schedule(ParentRunner.java:63)</div><div> at org.junit.runners.ParentRunner.runChildren(ParentRunner.java:236)</div><div> at org.junit.runners.ParentRunner.access$000(ParentRunner.java:53)</div><div> at org.junit.runners.ParentRunner$2.evaluate(ParentRunner.java:229)</div><div> at org.junit.runners.ParentRunner.run(ParentRunner.java:309)</div><div> at org.eclipse.jdt.internal.junit4.runner.JUnit4TestReference.run(JUnit4TestReference.java:50)</div><div> at org.eclipse.jdt.internal.junit.runner.TestExecution.run(TestExecution.java:38)</div><div> at org.eclipse.jdt.internal.junit.runner.RemoteTestRunner.runTests(RemoteTestRunner.java:459)</div><div> at org.eclipse.jdt.internal.junit.runner.RemoteTestRunner.runTests(RemoteTestRunner.java:675)</div><div> at org.eclipse.jdt.internal.junit.runner.RemoteTestRunner.run(RemoteTestRunner.java:382)</div><div> at org.eclipse.jdt.internal.junit.runner.RemoteTestRunner.main(RemoteTestRunner.java:192)</div></div>
            </div>
                    <div id="trace-96">
                <div id="traceCol96" class="errorMessage" ><a href="../Juego/SerpienteTest_testAvance_2o.html" style="font-weight:bold;">testAvance</a>: <span style="color:#888;">expected:&lt;30&gt;&#160;but&#160;was:&lt;0&gt;</span></div>
                <div id="traceEx96" class="errorMessage" style="display:none;color:#888;"><a href="../Juego/SerpienteTest_testAvance_2o.html" style="font-weight:bold;">testAvance</a>: <div>java.lang.AssertionError: expected:&lt;30&gt; but was:&lt;0&gt;</div><div> at org.junit.Assert.fail(Assert.java:88)</div><div> at org.junit.Assert.failNotEquals(Assert.java:743)</div><div> at org.junit.Assert.assertEquals(Assert.java:118)</div><div> at org.junit.Assert.assertEquals(Assert.java:555)</div><div> at org.junit.Assert.assertEquals(Assert.java:542)</div><div>	at <a href="../Juego/SerpienteTest.html?line=22#src-22">Juego.SerpienteTest.testAvance(SerpienteTest.java:22)</a></div><div> at org.junit.runners.model.FrameworkMethod$1.runReflectiveCall(FrameworkMethod.java:47)</div><div> at org.junit.internal.runners.model.ReflectiveCallable.run(ReflectiveCallable.java:12)</div><div> at org.junit.runners.model.FrameworkMethod.invokeExplosively(FrameworkMethod.java:44)</div><div> at org.junit.internal.runners.statements.InvokeMethod.evaluate(InvokeMethod.java:17)</div><div> at org.junit.internal.runners.statements.RunBefores.evaluate(RunBefores.java:26)</div><div> at org.junit.runners.ParentRunner.runLeaf(ParentRunner.java:271)</div><div> at org.junit.runners.BlockJUnit4ClassRunner.runChild(BlockJUnit4ClassRunner.java:70)</div><div> at org.junit.runners.BlockJUnit4ClassRunner.runChild(BlockJUnit4ClassRunner.java:50)</div><div> at org.junit.runners.ParentRunner$3.run(ParentRunner.java:238)</div><div> at org.junit.runners.ParentRunner$1.schedule(ParentRunner.java:63)</div><div> at org.junit.runners.ParentRunner.runChildren(ParentRunner.java:236)</div><div> at org.junit.runners.ParentRunner.access$000(ParentRunner.java:53)</div><div> at org.junit.runners.ParentRunner$2.evaluate(ParentRunner.java:229)</div><div> at org.junit.runners.ParentRunner.run(ParentRunner.java:309)</div><div> at org.eclipse.jdt.internal.junit4.runner.JUnit4TestReference.run(JUnit4TestReference.java:50)</div><div> at org.eclipse.jdt.internal.junit.runner.TestExecution.run(TestExecution.java:38)</div><div> at org.eclipse.jdt.internal.junit.runner.RemoteTestRunner.runTests(RemoteTestRunner.java:459)</div><div> at org.eclipse.jdt.internal.junit.runner.RemoteTestRunner.runTests(RemoteTestRunner.java:675)</div><div> at org.eclipse.jdt.internal.junit.runner.RemoteTestRunner.run(RemoteTestRunner.java:382)</div><div> at org.eclipse.jdt.internal.junit.runner.RemoteTestRunner.main(RemoteTestRunner.java:192)</div></div>
            </div>
                    <div id="trace-87">
                <div id="traceCol87" class="errorMessage" ><a href="../Juego/SerpienteTest_testAvance_2f.html" style="font-weight:bold;">testAvance</a>: <span style="color:#888;">expected:&lt;20&gt;&#160;but&#160;was:&lt;21&gt;</span></div>
                <div id="traceEx87" class="errorMessage" style="display:none;color:#888;"><a href="../Juego/SerpienteTest_testAvance_2f.html" style="font-weight:bold;">testAvance</a>: <div>java.lang.AssertionError: expected:&lt;20&gt; but was:&lt;21&gt;</div><div> at org.junit.Assert.fail(Assert.java:88)</div><div> at org.junit.Assert.failNotEquals(Assert.java:743)</div><div> at org.junit.Assert.assertEquals(Assert.java:118)</div><div> at org.junit.Assert.assertEquals(Assert.java:555)</div><div> at org.junit.Assert.assertEquals(Assert.java:542)</div><div>	at <a href="../Juego/SerpienteTest.html?line=25#src-25">Juego.SerpienteTest.testAvance(SerpienteTest.java:25)</a></div><div> at org.junit.runners.model.FrameworkMethod$1.runReflectiveCall(FrameworkMethod.java:47)</div><div> at org.junit.internal.runners.model.ReflectiveCallable.run(ReflectiveCallable.java:12)</div><div> at org.junit.runners.model.FrameworkMethod.invokeExplosively(FrameworkMethod.java:44)</div><div> at org.junit.internal.runners.statements.InvokeMethod.evaluate(InvokeMethod.java:17)</div><div> at org.junit.internal.runners.statements.RunBefores.evaluate(RunBefores.java:26)</div><div> at org.junit.runners.ParentRunner.runLeaf(ParentRunner.java:271)</div><div> at org.junit.runners.BlockJUnit4ClassRunner.runChild(BlockJUnit4ClassRunner.java:70)</div><div> at org.junit.runners.BlockJUnit4ClassRunner.runChild(BlockJUnit4ClassRunner.java:50)</div><div> at org.junit.runners.ParentRunner$3.run(ParentRunner.java:238)</div><div> at org.junit.runners.ParentRunner$1.schedule(ParentRunner.java:63)</div><div> at org.junit.runners.ParentRunner.runChildren(ParentRunner.java:236)</div><div> at org.junit.runners.ParentRunner.access$000(ParentRunner.java:53)</div><div> at org.junit.runners.ParentRunner$2.evaluate(ParentRunner.java:229)</div><div> at org.junit.runners.ParentRunner.run(ParentRunner.java:309)</div><div> at org.eclipse.jdt.internal.junit4.runner.JUnit4TestReference.run(JUnit4TestReference.java:50)</div><div> at org.eclipse.jdt.internal.junit.runner.TestExecution.run(TestExecution.java:38)</div><div> at org.eclipse.jdt.internal.junit.runner.RemoteTestRunner.runTests(RemoteTestRunner.java:459)</div><div> at org.eclipse.jdt.internal.junit.runner.RemoteTestRunner.runTests(RemoteTestRunner.java:675)</div><div> at org.eclipse.jdt.internal.junit.runner.RemoteTestRunner.run(RemoteTestRunner.java:382)</div><div> at org.eclipse.jdt.internal.junit.runner.RemoteTestRunner.main(RemoteTestRunner.java:192)</div></div>
            </div>
                    <div id="trace-133">
                <div id="traceCol133" class="errorMessage" ><a href="../Juego/SerpienteTest_testSetDireccion_3p.html" style="font-weight:bold;">testSetDireccion</a>: <span style="color:#888;">expected:&lt;west&gt;&#160;but&#160;was:&lt;est&gt;</span></div>
                <div id="traceEx133" class="errorMessage" style="display:none;color:#888;"><a href="../Juego/SerpienteTest_testSetDireccion_3p.html" style="font-weight:bold;">testSetDireccion</a>: <div>java.lang.AssertionError: expected:&lt;west&gt; but was:&lt;est&gt;</div><div> at org.junit.Assert.fail(Assert.java:88)</div><div> at org.junit.Assert.failNotEquals(Assert.java:743)</div><div> at org.junit.Assert.assertEquals(Assert.java:118)</div><div> at org.junit.Assert.assertEquals(Assert.java:144)</div><div>	at <a href="../Juego/SerpienteTest.html?line=54#src-54">Juego.SerpienteTest.testSetDireccion(SerpienteTest.java:54)</a></div><div> at org.junit.runners.model.FrameworkMethod$1.runReflectiveCall(FrameworkMethod.java:47)</div><div> at org.junit.internal.runners.model.ReflectiveCallable.run(ReflectiveCallable.java:12)</div><div> at org.junit.runners.model.FrameworkMethod.invokeExplosively(FrameworkMethod.java:44)</div><div> at org.junit.internal.runners.statements.InvokeMethod.evaluate(InvokeMethod.java:17)</div><div> at org.junit.internal.runners.statements.RunBefores.evaluate(RunBefores.java:26)</div><div> at org.junit.runners.ParentRunner.runLeaf(ParentRunner.java:271)</div><div> at org.junit.runners.BlockJUnit4ClassRunner.runChild(BlockJUnit4ClassRunner.java:70)</div><div> at org.junit.runners.BlockJUnit4ClassRunner.runChild(BlockJUnit4ClassRunner.java:50)</div><div> at org.junit.runners.ParentRunner$3.run(ParentRunner.java:238)</div><div> at org.junit.runners.ParentRunner$1.schedule(ParentRunner.java:63)</div><div> at org.junit.runners.ParentRunner.runChildren(ParentRunner.java:236)</div><div> at org.junit.runners.ParentRunner.access$000(ParentRunner.java:53)</div><div> at org.junit.runners.ParentRunner$2.evaluate(ParentRunner.java:229)</div><div> at org.junit.runners.ParentRunner.run(ParentRunner.java:309)</div><div> at org.eclipse.jdt.internal.junit4.runner.JUnit4TestReference.run(JUnit4TestReference.java:50)</div><div> at org.eclipse.jdt.internal.junit.runner.TestExecution.run(TestExecution.java:38)</div><div> at org.eclipse.jdt.internal.junit.runner.RemoteTestRunner.runTests(RemoteTestRunner.java:459)</div><div> at org.eclipse.jdt.internal.junit.runner.RemoteTestRunner.runTests(RemoteTestRunner.java:675)</div><div> at org.eclipse.jdt.internal.junit.runner.RemoteTestRunner.run(RemoteTestRunner.java:382)</div><div> at org.eclipse.jdt.internal.junit.runner.RemoteTestRunner.main(RemoteTestRunner.java:192)</div></div>
            </div>
                    <div id="trace-78">
                <div id="traceCol78" class="errorMessage" ><a href="../Juego/SerpienteTest_testGetDireccion_26.html" style="font-weight:bold;">testGetDireccion</a>: <span style="color:#888;">expected:&lt;west&gt;&#160;but&#160;was:&lt;est&gt;</span></div>
                <div id="traceEx78" class="errorMessage" style="display:none;color:#888;"><a href="../Juego/SerpienteTest_testGetDireccion_26.html" style="font-weight:bold;">testGetDireccion</a>: <div>java.lang.AssertionError: expected:&lt;west&gt; but was:&lt;est&gt;</div><div> at org.junit.Assert.fail(Assert.java:88)</div><div> at org.junit.Assert.failNotEquals(Assert.java:743)</div><div> at org.junit.Assert.assertEquals(Assert.java:118)</div><div> at org.junit.Assert.assertEquals(Assert.java:144)</div><div>	at <a href="../Juego/SerpienteTest.html?line=45#src-45">Juego.SerpienteTest.testGetDireccion(SerpienteTest.java:45)</a></div><div> at org.junit.runners.model.FrameworkMethod$1.runReflectiveCall(FrameworkMethod.java:47)</div><div> at org.junit.internal.runners.model.ReflectiveCallable.run(ReflectiveCallable.java:12)</div><div> at org.junit.runners.model.FrameworkMethod.invokeExplosively(FrameworkMethod.java:44)</div><div> at org.junit.internal.runners.statements.InvokeMethod.evaluate(InvokeMethod.java:17)</div><div> at org.junit.internal.runners.statements.RunBefores.evaluate(RunBefores.java:26)</div><div> at org.junit.runners.ParentRunner.runLeaf(ParentRunner.java:271)</div><div> at org.junit.runners.BlockJUnit4ClassRunner.runChild(BlockJUnit4ClassRunner.java:70)</div><div> at org.junit.runners.BlockJUnit4ClassRunner.runChild(BlockJUnit4ClassRunner.java:50)</div><div> at org.junit.runners.ParentRunner$3.run(ParentRunner.java:238)</div><div> at org.junit.runners.ParentRunner$1.schedule(ParentRunner.java:63)</div><div> at org.junit.runners.ParentRunner.runChildren(ParentRunner.java:236)</div><div> at org.junit.runners.ParentRunner.access$000(ParentRunner.java:53)</div><div> at org.junit.runners.ParentRunner$2.evaluate(ParentRunner.java:229)</div><div> at org.junit.runners.ParentRunner.run(ParentRunner.java:309)</div><div> at org.eclipse.jdt.internal.junit4.runner.JUnit4TestReference.run(JUnit4TestReference.java:50)</div><div> at org.eclipse.jdt.internal.junit.runner.TestExecution.run(TestExecution.java:38)</div><div> at org.eclipse.jdt.internal.junit.runner.RemoteTestRunner.runTests(RemoteTestRunner.java:459)</div><div> at org.eclipse.jdt.internal.junit.runner.RemoteTestRunner.runTests(RemoteTestRunner.java:675)</div><div> at org.eclipse.jdt.internal.junit.runner.RemoteTestRunner.run(RemoteTestRunner.java:382)</div><div> at org.eclipse.jdt.internal.junit.runner.RemoteTestRunner.main(RemoteTestRunner.java:192)</div></div>
            </div>
            </div>


        
<div class="aui-tabs horizontal-tabs" id="tabs-file">
                <ul class="tabs-menu">
            <li class="menu-item active-tab">
                <a href="#tabs-file-source"><strong>Source file</strong></a>
            </li>
            <li class="menu-item">
                <a href="test-SerpienteTest.html"><strong>Test results</strong></a>
            </li>
        </ul>
        <div class="tabs-pane aui-tabs-pane-100-pcnt active-pane" id="tabs-file-source">
        <div>&#160;</div>

        
                <div style="display: table; width: 100%">
                        <div style="display: table-cell; ">
                    <div class="dashboard-widget">
        <header class="dashboard-widget-header">
            <h3>Code metrics</h3>
        </header>
        <div class="dashboard-widget-content">
                        

<div id="td-header-stats" class="aui-item" style="display: ">
<div style="display: table">
    <div class="stats-box">
        <div class="stats-box-label"><label title="Total number of branches in this file">Branches:</label></div>
        <div class="stats-box-value">0</div>
    </div>
    <div class="stats-box">
        <div class="stats-box-label"><label title="Total number of statements in this file">Statements:</label></div>
        <div class="stats-box-value">26</div>
    </div>
    <div class="stats-box">
        <div class="stats-box-label"><label title="Total number of methods in this file">Methods:</label></div>
        <div class="stats-box-value">6</div>
    </div>
    <div class="stats-box">
        <div class="stats-box-label"><label title="Total number of classes in this file">Classes:</label></div>
        <div class="stats-box-value">1</div>
    </div>
            <div class="stats-box">
        <div class="stats-box-label"><label title="Total number of lines of code in this file">LOC:</label></div>
        <div class="stats-box-value">63</div>
    </div>
    <div class="stats-box">
        <div class="stats-box-label"><label title="Total number of non-comment lines of code in this file">NCLOC:</label></div>
        <div class="stats-box-value">53</div>
    </div>
    <div class="stats-box">
        <div class="stats-box-label"><label title="Cyclomatic complexity is the number of paths in this file">Total complexity:</label></div>
        <div class="stats-box-value">6</div>
    </div>
    <div class="stats-box">
        <div class="stats-box-label">
            <label title="Complexity density is the complexity divided by the number of statements in this file">Complexity density:</label>
        </div>
        <div class="stats-box-value">0,23</div>
    </div>
    <div class="stats-box">
        <div class="stats-box-label"><label title="Number of statements per method.">Statements/Method:</label></div>
        <div class="stats-box-value">4,33</div>
    </div>
    <div class="stats-box">
        <div class="stats-box-label"><label title="Number of methods per class.">Methods/Class:</label></div>
        <div class="stats-box-value">6</div>
    </div>
        <div class="stats-box">
        <div class="stats-box-label"><label title="Complexity divided by the number of methods in this file">Average method complexity:</label></div>
        <div class="stats-box-value">1</div>
    </div>
</div>

</div>
                        

<div id="td-filtered-header-stats" class="aui-item" style="display: none">
<div style="display: table">
    <div class="stats-box">
        <div class="stats-box-label"><label title="Total number of branches in this file">Branches:</label></div>
        <div class="stats-box-value">0</div>
    </div>
    <div class="stats-box">
        <div class="stats-box-label"><label title="Total number of statements in this file">Statements:</label></div>
        <div class="stats-box-value">26</div>
    </div>
    <div class="stats-box">
        <div class="stats-box-label"><label title="Total number of methods in this file">Methods:</label></div>
        <div class="stats-box-value">6</div>
    </div>
    <div class="stats-box">
        <div class="stats-box-label"><label title="Total number of classes in this file">Classes:</label></div>
        <div class="stats-box-value">1</div>
    </div>
            <div class="stats-box">
        <div class="stats-box-label"><label title="Total number of lines of code in this file">LOC:</label></div>
        <div class="stats-box-value">63</div>
    </div>
    <div class="stats-box">
        <div class="stats-box-label"><label title="Total number of non-comment lines of code in this file">NCLOC:</label></div>
        <div class="stats-box-value">53</div>
    </div>
    <div class="stats-box">
        <div class="stats-box-label"><label title="Cyclomatic complexity is the number of paths in this file">Total complexity:</label></div>
        <div class="stats-box-value">6</div>
    </div>
    <div class="stats-box">
        <div class="stats-box-label">
            <label title="Complexity density is the complexity divided by the number of statements in this file">Complexity density:</label>
        </div>
        <div class="stats-box-value">0,23</div>
    </div>
    <div class="stats-box">
        <div class="stats-box-label"><label title="Number of statements per method.">Statements/Method:</label></div>
        <div class="stats-box-value">4,33</div>
    </div>
    <div class="stats-box">
        <div class="stats-box-label"><label title="Number of methods per class.">Methods/Class:</label></div>
        <div class="stats-box-value">6</div>
    </div>
        <div class="stats-box">
        <div class="stats-box-label"><label title="Complexity divided by the number of methods in this file">Average method complexity:</label></div>
        <div class="stats-box-value">1</div>
    </div>
</div>

</div>        </div>
    </div>
            </div>
        </div>

        
        


    <h2>Classes</h2>

        <table class="aui aui-table-sortable">
        <thead>
                        <tr>     <th>Class</th>
    <th>Line #</th>

            
        <th class="">
            <label  title="The total number of statements.">Total Statements</label>
        </th>
        
            
        <th class="">
            <label  title="Cyclomatic complexity is a measure of the number of paths in your code.">Complexity</label>
        </th>
        
            
        <th class="">
            <label  title="The amount of code that was hit at least once during testing.">TOTAL Coverage</label>
        </th>
        
    
            <th>Actions</th>
    </tr>         </thead>
        <tbody>
                              <tr> <td id="SerpienteTest">
        <span><a href="#8" title="SerpienteTest" onclick="closeDialogAndScrollTo('dialog-SerpienteTest', '8');">SerpienteTest</a></span>
</td>
<td>8<a name="sl-8"></a></td>
    <td class="">26</td>
    <td class="">6</td>
    <td class=""><div style="display: table; width: 100%">
<div class="barGraphValue"><span class="sortValue">1.0</span>100%</div><div style="display: table-cell">
 <div title="100% Covered"  style="min-width:200px;" class="barNegative contribBarNegative "><div class="barPositive contribBarPositive " style="width:100%"></div></div></div></div></td>
    <td><button data-dialog-id="dialog-SerpienteTest" class="aui-button aui-button-link dialog-show-button">Show methods</button></td>
</tr>                      </tbody>
    </table>

    
     
        <section role="dialog" id="dialog-SerpienteTest" class="aui-layer aui-dialog2 aui-dialog2-xlarge" aria-hidden="true">
            
            <header class="aui-dialog2-header">
                <h1 class="aui-dialog2-header-main">Class SerpienteTest</h1>
                <div class="aui-dialog2-header-secondary">
                    <input id="dialog-SerpienteTest-method-filter" class="test-filter text" type="text" name="method-filter"
                           placeholder="Type to filter methods..." autocomplete="off"
                           onkeyup="filterMethods('dialog-SerpienteTest-methods-body', 'dialog-SerpienteTest-method-filter');"/>
                </div>
            </header>

            
            <div class="aui-dialog2-content">

                

                <table class="aui aui-table-sortable">
                                                                                                                                                                                                                                                                                                                                                                                                                                                                
                    <thead>
                                                 <tr> <th id="SerpienteTest">
    Class<br/>    <span><a href="#8" title="SerpienteTest" onclick="closeDialogAndScrollTo('dialog-SerpienteTest', '8');">SerpienteTest</a></span>
</th>
<th>Line #<br/>8<a name="sl-8"></a></th>
    <th class=""><label  title="The total number of statements.">Total Statements</label><br/>26</th>
    <th class=""><label  title="Cyclomatic complexity is a measure of the number of paths in your code.">Complexity</label><br/>6</th>
    <th class=""><label  title="The amount of code that was hit at least once during testing.">TOTAL Coverage</label><br/><div style="display: table; width: 100%">
<div class="barGraphValue"><span class="sortValue">1.0</span>100%</div><div style="display: table-cell">
 <div title="100% Covered"  style="min-width:200px;" class="barNegative contribBarNegative "><div class="barPositive contribBarPositive " style="width:100%"></div></div></div></div></th>
</tr>                     </thead>
                    <tbody id="dialog-SerpienteTest-methods-body">
                                                                                                            <tr id="SerpienteTest-1">
<td id="summary-14-2">
 <span class="sortValue">testSerpiente()&#160;:&#160;void</span>
&#160;&#160;<a href="?line=29#14" title="testSerpiente()&#160;:&#160;void" name="sl-14" onclick="closeDialogAndScrollTo('dialog-SerpienteTest', '14');">testSerpiente()&#160;:&#160;void</a>
</td>
<td align="right"><span class="sortValue">14</span>14</td>
<td class="" align="right"><span class="sortValue">1.0</span>1</td>
<td class="" align="right"><span class="sortValue">1.0</span>1</td>
<td class="" align="right"><span class="sortValue">1.0</span><div style="display: table; width: 100%">
<div class="barGraphValue"><span class="sortValue">1.0</span>100%</div><div style="display: table-cell">
 <div title="100% Covered"  style="min-width:200px;" class="barNegative contribBarNegative "><div class="barPositive contribBarPositive " style="width:100%"></div></div></div></div></td>
 </tr>                                                                                                                <tr id="SerpienteTest-2">
<td id="summary-19-2">
 <span class="sortValue">testAvance()&#160;:&#160;void</span>
&#160;&#160;<a href="?line=29#19" title="testAvance()&#160;:&#160;void" name="sl-19" onclick="closeDialogAndScrollTo('dialog-SerpienteTest', '19');">testAvance()&#160;:&#160;void</a>
</td>
<td align="right"><span class="sortValue">19</span>19</td>
<td class="" align="right"><span class="sortValue">11.0</span>11</td>
<td class="" align="right"><span class="sortValue">1.0</span>1</td>
<td class="" align="right"><span class="sortValue">1.0</span><div style="display: table; width: 100%">
<div class="barGraphValue"><span class="sortValue">1.0</span>100%</div><div style="display: table-cell">
 <div title="100% Covered"  style="min-width:200px;" class="barNegative contribBarNegative "><div class="barPositive contribBarPositive " style="width:100%"></div></div></div></div></td>
 </tr>                                                                                                                <tr id="SerpienteTest-3">
<td id="summary-34-2">
 <span class="sortValue">direccionDerecha()&#160;:&#160;void</span>
&#160;&#160;<a href="?line=29#34" title="direccionDerecha()&#160;:&#160;void" name="sl-34" onclick="closeDialogAndScrollTo('dialog-SerpienteTest', '34');">direccionDerecha()&#160;:&#160;void</a>
</td>
<td align="right"><span class="sortValue">34</span>34</td>
<td class="" align="right"><span class="sortValue">1.0</span>1</td>
<td class="" align="right"><span class="sortValue">1.0</span>1</td>
<td class="" align="right"><span class="sortValue">1.0</span><div style="display: table; width: 100%">
<div class="barGraphValue"><span class="sortValue">1.0</span>100%</div><div style="display: table-cell">
 <div title="100% Covered"  style="min-width:200px;" class="barNegative contribBarNegative "><div class="barPositive contribBarPositive " style="width:100%"></div></div></div></div></td>
 </tr>                                                                                                                <tr id="SerpienteTest-4">
<td id="summary-39-2">
 <span class="sortValue">testGetDireccion()&#160;:&#160;void</span>
&#160;&#160;<a href="?line=29#39" title="testGetDireccion()&#160;:&#160;void" name="sl-39" onclick="closeDialogAndScrollTo('dialog-SerpienteTest', '39');">testGetDireccion()&#160;:&#160;void</a>
</td>
<td align="right"><span class="sortValue">39</span>39</td>
<td class="" align="right"><span class="sortValue">5.0</span>5</td>
<td class="" align="right"><span class="sortValue">1.0</span>1</td>
<td class="" align="right"><span class="sortValue">1.0</span><div style="display: table; width: 100%">
<div class="barGraphValue"><span class="sortValue">1.0</span>100%</div><div style="display: table-cell">
 <div title="100% Covered"  style="min-width:200px;" class="barNegative contribBarNegative "><div class="barPositive contribBarPositive " style="width:100%"></div></div></div></div></td>
 </tr>                                                                                                                <tr id="SerpienteTest-5">
<td id="summary-48-2">
 <span class="sortValue">testSetDireccion()&#160;:&#160;void</span>
&#160;&#160;<a href="?line=29#48" title="testSetDireccion()&#160;:&#160;void" name="sl-48" onclick="closeDialogAndScrollTo('dialog-SerpienteTest', '48');">testSetDireccion()&#160;:&#160;void</a>
</td>
<td align="right"><span class="sortValue">48</span>48</td>
<td class="" align="right"><span class="sortValue">5.0</span>5</td>
<td class="" align="right"><span class="sortValue">1.0</span>1</td>
<td class="" align="right"><span class="sortValue">1.0</span><div style="display: table; width: 100%">
<div class="barGraphValue"><span class="sortValue">1.0</span>100%</div><div style="display: table-cell">
 <div title="100% Covered"  style="min-width:200px;" class="barNegative contribBarNegative "><div class="barPositive contribBarPositive " style="width:100%"></div></div></div></div></td>
 </tr>                                                                                                                <tr id="SerpienteTest-6">
<td id="summary-57-2">
 <span class="sortValue">testGetCuerpo()&#160;:&#160;void</span>
&#160;&#160;<a href="?line=29#57" title="testGetCuerpo()&#160;:&#160;void" name="sl-57" onclick="closeDialogAndScrollTo('dialog-SerpienteTest', '57');">testGetCuerpo()&#160;:&#160;void</a>
</td>
<td align="right"><span class="sortValue">57</span>57</td>
<td class="" align="right"><span class="sortValue">3.0</span>3</td>
<td class="" align="right"><span class="sortValue">1.0</span>1</td>
<td class="" align="right"><span class="sortValue">1.0</span><div style="display: table; width: 100%">
<div class="barGraphValue"><span class="sortValue">1.0</span>100%</div><div style="display: table-cell">
 <div title="100% Covered"  style="min-width:200px;" class="barNegative contribBarNegative "><div class="barPositive contribBarPositive " style="width:100%"></div></div></div></div></td>
 </tr>                                                                         </tbody>
                </table>

                <div>&#160;</div>
                

            </div>

            
            <footer class="aui-dialog2-footer">
                <div class="aui-dialog2-footer-actions">
                    <button class="aui-button aui-button-primary dialog-close-button"
                            data-dialog-id="dialog-SerpienteTest">Close</button>
                </div>
                <div class="aui-dialog2-footer-hint">Click on a class or a method name to jump to source.</div>
            </footer>
        </section>

     
 
        
        <div>&#160;</div>

<h2>Contributing tests</h2>

    <div>
                This file is covered by 5 tests.
        <button data-dialog-id="contr-tests-dialog" class="aui-button aui-button-link dialog-show-button">
            Select tests to highlight the test coverage
        </button>.
    </div>

<section role="dialog" id="contr-tests-dialog" class="aui-layer aui-dialog2 aui-dialog2-xlarge" aria-hidden="true">
    
    <header class="aui-dialog2-header">
        <h1 class="aui-dialog2-header-main">Contributing tests</h1>
        <div class="aui-dialog2-header-secondary">
            <input id="test-filter" class="test-filter text" type="text" name="test-filter"
                   placeholder="Type to filter tests..." autocomplete="off"
                   onkeyup="filterTests('tests-body', 'test-filter', 3);"/>
        </div>
    </header>

    
    <div class="aui-dialog2-content">
    

        <p class="aui-buttons">
            <button title="Selects all tests for this file, highlighting their coverage."
                    class="aui-button" id="selectalltests">Select all</button>
        </p>

        <table class="aui aui-table-sortable">
            <thead id="tests-head">
            <tr id="testHeaderRow">
                <th class="aui-table-column-unsortable"></th>
                <th>
                    <label title="The percentage of coverage contributed by each single test.">Test contribution</label>
                </th>
                <th>
                    <label title="The test (or test iteration) which was executed.">Test</label>
                </th>
                <th>
                    <label>Result</label>
                </th>
                <th class="aui-table-column-unsortable">
                    <label>Actions</label>
                </th>
            </tr>
            </thead>
            <tbody id="tests-body">

<tr id="test-51">
<td><a name="testA-51"></a><input type="checkbox" id="cb-51" value="51" name="testMethod" autocomplete="off" title="Check to highlight coverage of this test in the source code"/></td>
<td style="vertical-align: middle"  class="link" onclick="window.location.href='../Juego/SerpienteTest_testAvance_1f.html';">
<span class="sortValue">0.375</span>
<div>
<div title="37,5% Covered" style="min-width:40px;" class="barNegative contribBarNegative contribBarNegative"><div class="barPositive contribBarPositive contribBarPositive" style="width:37.5%"></div></div></div></td>
<td id="tc-51">  <span class="sortValue">Juego.SerpienteTest.testAvance</span><a href="../Juego/SerpienteTest_testAvance_1f.html" title="View Test Summary Page">Juego.SerpienteTest.testAvance</a>
</td>
<td>      <span class="sortValue">1</span><span class="aui-lozenge aui-lozenge-success">PASS</span>
  </td>
<td> <a href="../Juego/SerpienteTest.html?line=19#src-19" title="View Test Source">
 <span class="aui-icon aui-icon-small aui-iconfont-file-txt aui-icon-medium-gray"></span>
</a>
<a href="../Juego/SerpienteTest_testAvance_1f.html" title="View Test Summary Page"><span class="aui-icon aui-icon-small aui-iconfont-file-ppt aui-icon-medium-gray"></span></a>
</td>
</tr>
<tr id="test-44">
<td><a name="testA-44"></a><input type="checkbox" id="cb-44" value="44" name="testMethod" autocomplete="off" title="Check to highlight coverage of this test in the source code"/></td>
<td style="vertical-align: middle"  class="link" onclick="window.location.href='../Juego/SerpienteTest_testSetDireccion_18.html';">
<span class="sortValue">0.1875</span>
<div>
<div title="18,8% Covered" style="min-width:40px;" class="barNegative contribBarNegative contribBarNegative"><div class="barPositive contribBarPositive contribBarPositive" style="width:18.8%"></div></div></div></td>
<td id="tc-44">  <span class="sortValue">Juego.SerpienteTest.testSetDireccion</span><a href="../Juego/SerpienteTest_testSetDireccion_18.html" title="View Test Summary Page">Juego.SerpienteTest.testSetDireccion</a>
</td>
<td>      <span class="sortValue">1</span><span class="aui-lozenge aui-lozenge-success">PASS</span>
  </td>
<td> <a href="../Juego/SerpienteTest.html?line=48#src-48" title="View Test Source">
 <span class="aui-icon aui-icon-small aui-iconfont-file-txt aui-icon-medium-gray"></span>
</a>
<a href="../Juego/SerpienteTest_testSetDireccion_18.html" title="View Test Summary Page"><span class="aui-icon aui-icon-small aui-iconfont-file-ppt aui-icon-medium-gray"></span></a>
</td>
</tr>
<tr id="test-69">
<td><a name="testA-69"></a><input type="checkbox" id="cb-69" value="69" name="testMethod" autocomplete="off" title="Check to highlight coverage of this test in the source code"/></td>
<td style="vertical-align: middle"  class="link" onclick="window.location.href='../Juego/SerpienteTest_testGetDireccion_1x.html';">
<span class="sortValue">0.1875</span>
<div>
<div title="18,8% Covered" style="min-width:40px;" class="barNegative contribBarNegative contribBarNegative"><div class="barPositive contribBarPositive contribBarPositive" style="width:18.8%"></div></div></div></td>
<td id="tc-69">  <span class="sortValue">Juego.SerpienteTest.testGetDireccion</span><a href="../Juego/SerpienteTest_testGetDireccion_1x.html" title="View Test Summary Page">Juego.SerpienteTest.testGetDireccion</a>
</td>
<td>      <span class="sortValue">1</span><span class="aui-lozenge aui-lozenge-success">PASS</span>
  </td>
<td> <a href="../Juego/SerpienteTest.html?line=39#src-39" title="View Test Source">
 <span class="aui-icon aui-icon-small aui-iconfont-file-txt aui-icon-medium-gray"></span>
</a>
<a href="../Juego/SerpienteTest_testGetDireccion_1x.html" title="View Test Summary Page"><span class="aui-icon aui-icon-small aui-iconfont-file-ppt aui-icon-medium-gray"></span></a>
</td>
</tr>
<tr id="test-92">
<td><a name="testA-92"></a><input type="checkbox" id="cb-92" value="92" name="testMethod" autocomplete="off" title="Check to highlight coverage of this test in the source code"/></td>
<td style="vertical-align: middle"  class="link" onclick="window.location.href='../Juego/SerpienteTest_testGetCuerpo_2k.html';">
<span class="sortValue">0.125</span>
<div>
<div title="12,5% Covered" style="min-width:40px;" class="barNegative contribBarNegative contribBarNegative"><div class="barPositive contribBarPositive contribBarPositive" style="width:12.5%"></div></div></div></td>
<td id="tc-92">  <span class="sortValue">Juego.SerpienteTest.testGetCuerpo</span><a href="../Juego/SerpienteTest_testGetCuerpo_2k.html" title="View Test Summary Page">Juego.SerpienteTest.testGetCuerpo</a>
</td>
<td>      <span class="sortValue">1</span><span class="aui-lozenge aui-lozenge-success">PASS</span>
  </td>
<td> <a href="../Juego/SerpienteTest.html?line=57#src-57" title="View Test Source">
 <span class="aui-icon aui-icon-small aui-iconfont-file-txt aui-icon-medium-gray"></span>
</a>
<a href="../Juego/SerpienteTest_testGetCuerpo_2k.html" title="View Test Summary Page"><span class="aui-icon aui-icon-small aui-iconfont-file-ppt aui-icon-medium-gray"></span></a>
</td>
</tr>
<tr id="test-162">
<td><a name="testA-162"></a><input type="checkbox" id="cb-162" value="162" name="testMethod" autocomplete="off" title="Check to highlight coverage of this test in the source code"/></td>
<td style="vertical-align: middle"  class="link" onclick="window.location.href='../Juego/SerpienteTest_testSerpiente_4i.html';">
<span class="sortValue">0.0625</span>
<div>
<div title="6,2% Covered" style="min-width:40px;" class="barNegative contribBarNegative contribBarNegative"><div class="barPositive contribBarPositive contribBarPositive" style="width:6.2%"></div></div></div></td>
<td id="tc-162">  <span class="sortValue">Juego.SerpienteTest.testSerpiente</span><a href="../Juego/SerpienteTest_testSerpiente_4i.html" title="View Test Summary Page">Juego.SerpienteTest.testSerpiente</a>
</td>
<td>      <span class="sortValue">1</span><span class="aui-lozenge aui-lozenge-success">PASS</span>
  </td>
<td> <a href="../Juego/SerpienteTest.html?line=14#src-14" title="View Test Source">
 <span class="aui-icon aui-icon-small aui-iconfont-file-txt aui-icon-medium-gray"></span>
</a>
<a href="../Juego/SerpienteTest_testSerpiente_4i.html" title="View Test Summary Page"><span class="aui-icon aui-icon-small aui-iconfont-file-ppt aui-icon-medium-gray"></span></a>
</td>
</tr>

            </tbody>
        </table>

        
        <div>&#160;</div>

    
    </div>

    
    <footer class="aui-dialog2-footer">
        <div class="aui-dialog2-footer-actions">
            <button data-dialog-id="contr-tests-dialog" class="aui-button aui-button-primary dialog-close-button">Apply</button>
        </div>
        <div class="aui-dialog2-footer-hint">Select tests to highlight code covered by them in the source view.</div>
    </footer>
</section>

 
        
        





<h2>Source view</h2>

    <div class="aui-message aui-message-error">
        <p class="title">
            <strong>Source rendering error</strong>
        </p>
        <p>Clover could not read the source file "/home/dani/git/Serpiente/Snake/src/Juego/SerpienteTest.java"</p>
    </div>

<div style="display: table; width: 100%;">
    <div style="display: table-cell">
        <button class="aui-button aui-button-link"
                title="Toggles all methods in the source to be either expanded or collapsed."
                onclick="toggleAllInlineMethods(this); return false;" id="method-expander">
            Collapse all methods
        </button>
    </div>
    <div style="display: table-cell">
        <div style="text-align: right; margin-bottom: 10px">
            <button class="aui-button aui-button-subtle" id="popupHelp">
    <span class="aui-icon aui-icon-small aui-iconfont-help"></span>&#160;Show legend
</button>
<script>
    AJS.InlineDialog(AJS.$("#popupHelp"), "helpDialog",
            function(content, trigger, showPopup) {
                content.css({"padding":"20px"}).html(SRC_FILE_LEGEND_TEXT);
                showPopup();
                return false;
            },
            {
                width: 700, hideDelay: 60000
            }
    );
</script>        </div>
    </div>
</div>

<table cellspacing="0" cellpadding="0" class="srcView" width="100%">

    
 
    </table>    </div>
</div><!-- .aui-tabs -->

<script type="text/javascript"> 
    var ol_bgclass = "overBG";
    var ol_fgclass = "overFG";
    var ol_cgclass = "overCaption";
    var ol_captionfontclass= "overCaption";
    var ol_closefontclass = "closeFont";
    var ol_closeclick = 1;
    var ol_close = 'X';
    var ol_wrap = 1;
    var rootRelPath = '../';
    var testsPerFile = -1;
</script>
<script src="SerpienteTest.js" type="text/javascript"></script>

                        </div> <!-- class="aui-page-panel-content-clover" -->
                    <footer id="footer" role="contentinfo">
    <section class="footer-body">
        <ul>
            <li>
                Report generated by <a target="_new" href="http://www.atlassian.com/software/clover">Atlassian Clover</a> v 4.0.4
                on mi√© may 27 2015 01:14:00 CEST using coverage data from mi√© may 27 2015 01:10:25 CEST.
            </li>
        </ul>
        <ul>
            <li>Clover Evaluation License registered to Clover Plugin. You have 21 day(s) before your license expires.</li>
        </ul>
        <div id="footer-logo">
            <a target="_blank" href="http://www.atlassian.com/">
                Atlassian
            </a>
        </div>
    </section>
</footer>                </section> <!-- class="aui-page-panel-content" -->
            </div> <!-- class="aui-page-panel-inner" -->
        </div> <!-- class="aui-page-panel" -->
    </div> <!-- id="page" -->
</body>
</html>