<!DOCTYPE html>
<html xmlns="http://www.w3.org/1999/xhtml" xml:lang="en" lang="en">
<head>
    <meta http-equiv="Content-Type" content="text/html; charset=UTF-8"/>

    
    
    <link rel="SHORTCUT ICON" href="../img/clover.ico" />

    <link rel="stylesheet" href="../aui/css/aui.min.css" media="all"/>
    <link rel="stylesheet" href="../aui/css/aui-experimental.min.css" media="all"/>
    <!--[if IE 9]><link rel="stylesheet" href="../aui/css/aui-ie9.min.css" media="all"/><![endif]-->

    <style type="text/css" media="all">
        @import url('../style.css');
        @import url('../tree.css');
        
    </style>

    <script src="../jquery-1.8.3.min.js" type="text/javascript"></script>
    <script src="../aui/js/aui.min.js" type="text/javascript"></script>
    <script src="../aui/js/aui-experimental.min.js" type="text/javascript"></script>
    <script src="../aui/js/aui-soy.min.js" type="text/javascript"></script>

    <script src="../package-nodes-tree.js" type="text/javascript"></script>
    <script src="../clover-tree.js" type="text/javascript"></script>
    <script src="../clover.js" type="text/javascript"></script>
    <script src="../cloud.js" type="text/javascript"></script>
    <script src="../help.js" type="text/javascript"></script>
    <script src="../overlibmws.js" type="text/javascript"><!-- overLIB (c) Erik Bosrup --></script>
    <script src="../overlibmws_shadow.js" type="text/javascript"></script>
    <script src="../sorttable.js" type="text/javascript"></script>
    <script src="../utils.js" type="text/javascript"></script>

            <title>Snake Coverage Report</title>
    </head>

<body>
    <div id="page">
        
        


<header id="header" role="banner">
    <nav class="aui-header aui-dropdown2-trigger-group" role="navigation">
        <div class="aui-header-inner">
            <div class="aui-header-primary">
                <h1 id="logo" class="aui-header-logo aui-header-logo-clover">
                    <a href="http://www.atlassian.com/clover" title="Open Atlassian Clover home page"><span class="aui-header-logo-device">Clover</span></a>
                </h1>
                            </div>
            <div class="aui-header-secondary">
                <ul class="aui-nav">
                    <li id="system-help-menu">
                        <a class="aui-nav-link" title="Open online Clover documentation" target="_blank"
                           href="https://confluence.atlassian.com/display/CLOVER/Clover+Documentation+Home">
                            <span class="aui-icon aui-icon-small aui-iconfont-help">&#160;Help</span>
                        </a>
                    </li>
                </ul>
            </div>
        </div>
    </nav>
</header>
        
        <div class="aui-page-panel">
            <div class="aui-page-panel-inner">
                <div class="aui-page-panel-nav aui-page-panel-nav-clover">
                    

<div class="aui-page-header-inner" style="margin-bottom: 20px;">
    <div class="aui-page-header-image">
                <div class="aui-avatar aui-avatar-large aui-avatar-project">
            <div class="aui-avatar-inner">
                                    <img src="../img/clover_logo_large.png" alt="Clover icon"/>
                            </div>
        </div>
            </div>
    <div class="aui-page-header-main" >
        <h1>
                                        Snake Coverage Report
                                </h1>
    </div>
</div>

<nav class="aui-navgroup aui-navgroup-vertical">
    <div class="aui-navgroup-inner">
                                            <ul class="aui-nav">
                <li class="">
                    <a href="../dashboard.html">Project overview</a>
                </li>
            </ul>
        
                <div class="aui-nav-heading packages-nav-heading">
            <strong>Packages</strong>
        </div>
        <div class="aui-nav project-packages">
            <form method="get" action="#" class="aui package-filter-container">
                <input type="text" autocomplete="off" class="package-filter text"
                       placeholder="Type to filter packages..." name="package-filter" id="package-filter"
                       title="Start typing package name (or part of the name) to search through the tree. Use arrow keys and the Enter key to navigate."/>
            </form>
            <p class="package-filter-no-results-message hidden">
                <small>No results found.</small>
            </p>
                                                <div class="packages-tree-wrapper" data-root-relative="../" data-package-name="Juego">
                <div class="packages-tree-container"></div>
                <div class="clover-packages-lozenges"></div>
            </div>
        </div>
        
            </div>
</nav>                </div>
                <section class="aui-page-panel-content">
                    <div class="aui-page-panel-content-clover">

                    
                    <div class="aui-page-header-main"><ol class="aui-nav aui-nav-breadcrumbs">
    
    <li><a href="../dashboard.html"> Project Clover database mi√© may 27 2015 01:10:23 CEST</a></li>
     <li><a href="test-pkg-summary.html">Package Juego</a></li>
</ol></div>
    
<h1 class="aui-h2-clover">
            
        Class TablaTest
    </h1>
    <div class="aui-message aui-message-warning">
        <p class="title">
            <strong>Evaluation License</strong>
        </p>
        <p>
            This report was generated with an evaluation server license.  <a href="http://www.atlassian.com/software/clover">Purchase Clover</a> or <a href="http://confluence.atlassian.com/x/JAgQCQ">configure your license.</a>
        </p>
    </div>


 
<div class="aui-tabs horizontal-tabs" id="tabs-file">
    <ul class="tabs-menu">
        <li class="menu-item">
            <a href="TablaTest.html"><strong>Source file</strong></a>
        </li>
        <li class="menu-item active-tab">
            <a href="#tabs-file-test-results"><strong>Test results</strong></a>
        </li>
    </ul>
    <div class="tabs-pane aui-tabs-pane-100-pcnt active-pane" id="tabs-file-test-results">
        <div>&#160;</div>




<table id="testClassSummaryTable" class="aui">
<thead>
    <tr>
        <th width="40%"><label>Class</label></th>
        <th width="10%"><label title="Total number of tests (or test iterations) executed.">Tests</label></th>
        <th width="10%"><label title="Number of failed tests">Fail</label></th>
        <th width="10%"><label title="Number of test errors">Error</label></th>
        <th width="10%">
            <label title="The total time in seconds taken to run this set of tests.">Time (secs)</label>
        </th>
        <th width="20%"><label>% Tests Success</label></th>
    </tr>
</thead>
<tbody>
    <tr>
        <td>TablaTest</td>
        <td class="testPasses"><span class="sortValue">41</span>41</td>
<td class="testFailures"><span class="sortValue">18</span>18</td>
<td class=""><span class="sortValue">0</span>0</td>
        <td>0,217</td>
        <td class="align-middle">
            

<div style="display: table; width: 100%">
            <div class="barGraphValue"><span class="sortValue">0.5609756</span>56,1%</div>         <div style="display: table-cell">
            
            <div title="0% Errors" style="min-width: 40px;" class="testBarError">
                <div title="56,1% of tests passed&lt;br/&gt;43,9% of tests failed" class="testBarFail" style="width: 100%"><div class="testBarPass" style="width: 56.1%"></div></div>
            </div>
        </div>
    </div>        </td>
    </tr>
</tbody>
</table>

<div>&#160;</div>

<table id="testClassTestsTable" class="aui aui-table-sortable">
<thead>
    <tr>
        <th width="40%">
            <label title="Tests (or test iterations) which were executed.">Tests</label>
        </th>
        <th width="10%"><label>Started</label></th>
        <th width="10%"><label>Status</label></th>
        <th width="10%">
            <label title="The total time in seconds taken to run this set of tests.">Time (secs)</label>
        </th>
        <th width="30%"><label>Message</label></th>
    </tr>
</thead>
<tbody>


<tr>
    <td><span class="sortValue">TablaTest.testIsFood</span><a href="TablaTest_testIsFood_f.html">TablaTest.testIsFood</a></td>
    <td style="whitespace:nowrap;"><span class="sortValue">1432592257883</span>26 may 00:17:37</td>
    <td>      <span class="sortValue">3</span><span class="aui-lozenge aui-lozenge-error">FAIL</span>
  </td>
    <td><span class="sortValue">0.001</span>0,001</td>
    <td style="width:50%">
    <span class="sortValue">expected:&lt;false&gt;&#160;but&#160;was:&lt;true&gt;</span>
        <span class="expand" id="togglebut1" onclick="toggleNodeExpansion('togglebut1', 'msgc1', 'msge1');return false;">&#160;</span>
        <div class="errorMessage" id="msgc1">expected:&lt;false&gt;&#160;but&#160;was:&lt;true&gt;</div>
        <div class="errorMessage" id="msge1" style="display:none;"> <div>java.lang.AssertionError: expected:&lt;false&gt; but was:&lt;true&gt;</div><div> at org.junit.Assert.fail(Assert.java:88)</div><div> at org.junit.Assert.failNotEquals(Assert.java:743)</div><div> at org.junit.Assert.assertEquals(Assert.java:118)</div><div> at org.junit.Assert.assertEquals(Assert.java:144)</div><div>	at <a href="../Juego/TablaTest.html?line=31#src-31">Juego.TablaTest.testIsFood(TablaTest.java:31)</a></div><div> at org.junit.runners.model.FrameworkMethod$1.runReflectiveCall(FrameworkMethod.java:47)</div><div> at org.junit.internal.runners.model.ReflectiveCallable.run(ReflectiveCallable.java:12)</div><div> at org.junit.runners.model.FrameworkMethod.invokeExplosively(FrameworkMethod.java:44)</div><div> at org.junit.internal.runners.statements.InvokeMethod.evaluate(InvokeMethod.java:17)</div><div> at org.junit.runners.ParentRunner.runLeaf(ParentRunner.java:271)</div><div> at org.junit.runners.BlockJUnit4ClassRunner.runChild(BlockJUnit4ClassRunner.java:70)</div><div> at org.junit.runners.BlockJUnit4ClassRunner.runChild(BlockJUnit4ClassRunner.java:50)</div><div> at org.junit.runners.ParentRunner$3.run(ParentRunner.java:238)</div><div> at org.junit.runners.ParentRunner$1.schedule(ParentRunner.java:63)</div><div> at org.junit.runners.ParentRunner.runChildren(ParentRunner.java:236)</div><div> at org.junit.runners.ParentRunner.access$000(ParentRunner.java:53)</div><div> at org.junit.runners.ParentRunner$2.evaluate(ParentRunner.java:229)</div><div> at org.junit.runners.ParentRunner.run(ParentRunner.java:309)</div><div> at org.eclipse.jdt.internal.junit4.runner.JUnit4TestReference.run(JUnit4TestReference.java:50)</div><div> at org.eclipse.jdt.internal.junit.runner.TestExecution.run(TestExecution.java:38)</div><div> at org.eclipse.jdt.internal.junit.runner.RemoteTestRunner.runTests(RemoteTestRunner.java:459)</div><div> at org.eclipse.jdt.internal.junit.runner.RemoteTestRunner.runTests(RemoteTestRunner.java:675)</div><div> at org.eclipse.jdt.internal.junit.runner.RemoteTestRunner.run(RemoteTestRunner.java:382)</div><div> at org.eclipse.jdt.internal.junit.runner.RemoteTestRunner.main(RemoteTestRunner.java:192)</div></div>
        </td>
</tr>
<tr>
    <td><span class="sortValue">TablaTest.testSetGameOver</span><a href="TablaTest_testSetGameOver_e.html">TablaTest.testSetGameOver</a></td>
    <td style="whitespace:nowrap;"><span class="sortValue">1432589053184</span>25 may 23:24:13</td>
    <td>      <span class="sortValue">3</span><span class="aui-lozenge aui-lozenge-error">FAIL</span>
  </td>
    <td><span class="sortValue">0.001</span>0,001</td>
    <td style="width:50%">
    <span class="sortValue">Not&#160;yet&#160;implemented</span>
        <span class="expand" id="togglebut2" onclick="toggleNodeExpansion('togglebut2', 'msgc2', 'msge2');return false;">&#160;</span>
        <div class="errorMessage" id="msgc2">Not&#160;yet&#160;implemented</div>
        <div class="errorMessage" id="msge2" style="display:none;"> <div>java.lang.AssertionError: Not yet implemented</div><div> at org.junit.Assert.fail(Assert.java:88)</div><div>	at <a href="../Juego/TablaTest.html?line=60#src-60">Juego.TablaTest.testSetGameOver(TablaTest.java:60)</a></div><div> at org.junit.runners.model.FrameworkMethod$1.runReflectiveCall(FrameworkMethod.java:47)</div><div> at org.junit.internal.runners.model.ReflectiveCallable.run(ReflectiveCallable.java:12)</div><div> at org.junit.runners.model.FrameworkMethod.invokeExplosively(FrameworkMethod.java:44)</div><div> at org.junit.internal.runners.statements.InvokeMethod.evaluate(InvokeMethod.java:17)</div><div> at org.junit.runners.ParentRunner.runLeaf(ParentRunner.java:271)</div><div> at org.junit.runners.BlockJUnit4ClassRunner.runChild(BlockJUnit4ClassRunner.java:70)</div><div> at org.junit.runners.BlockJUnit4ClassRunner.runChild(BlockJUnit4ClassRunner.java:50)</div><div> at org.junit.runners.ParentRunner$3.run(ParentRunner.java:238)</div><div> at org.junit.runners.ParentRunner$1.schedule(ParentRunner.java:63)</div><div> at org.junit.runners.ParentRunner.runChildren(ParentRunner.java:236)</div><div> at org.junit.runners.ParentRunner.access$000(ParentRunner.java:53)</div><div> at org.junit.runners.ParentRunner$2.evaluate(ParentRunner.java:229)</div><div> at org.junit.runners.ParentRunner.run(ParentRunner.java:309)</div><div> at org.eclipse.jdt.internal.junit4.runner.JUnit4TestReference.run(JUnit4TestReference.java:50)</div><div> at org.eclipse.jdt.internal.junit.runner.TestExecution.run(TestExecution.java:38)</div><div> at org.eclipse.jdt.internal.junit.runner.RemoteTestRunner.runTests(RemoteTestRunner.java:459)</div><div> at org.eclipse.jdt.internal.junit.runner.RemoteTestRunner.runTests(RemoteTestRunner.java:675)</div><div> at org.eclipse.jdt.internal.junit.runner.RemoteTestRunner.run(RemoteTestRunner.java:382)</div><div> at org.eclipse.jdt.internal.junit.runner.RemoteTestRunner.main(RemoteTestRunner.java:192)</div></div>
        </td>
</tr>
<tr>
    <td><span class="sortValue">TablaTest.testSetGameOver</span><a href="TablaTest_testSetGameOver_v.html">TablaTest.testSetGameOver</a></td>
    <td style="whitespace:nowrap;"><span class="sortValue">1432592257855</span>26 may 00:17:37</td>
    <td>      <span class="sortValue">3</span><span class="aui-lozenge aui-lozenge-error">FAIL</span>
  </td>
    <td><span class="sortValue">0.003</span>0,003</td>
    <td style="width:50%">
    <span class="sortValue">expected:&lt;true&gt;&#160;but&#160;was:&lt;false&gt;</span>
        <span class="expand" id="togglebut3" onclick="toggleNodeExpansion('togglebut3', 'msgc3', 'msge3');return false;">&#160;</span>
        <div class="errorMessage" id="msgc3">expected:&lt;true&gt;&#160;but&#160;was:&lt;false&gt;</div>
        <div class="errorMessage" id="msge3" style="display:none;"> <div>java.lang.AssertionError: expected:&lt;true&gt; but was:&lt;false&gt;</div><div> at org.junit.Assert.fail(Assert.java:88)</div><div> at org.junit.Assert.failNotEquals(Assert.java:743)</div><div> at org.junit.Assert.assertEquals(Assert.java:118)</div><div> at org.junit.Assert.assertEquals(Assert.java:144)</div><div>	at <a href="../Juego/TablaTest.html?line=57#src-57">Juego.TablaTest.testSetGameOver(TablaTest.java:57)</a></div><div> at org.junit.runners.model.FrameworkMethod$1.runReflectiveCall(FrameworkMethod.java:47)</div><div> at org.junit.internal.runners.model.ReflectiveCallable.run(ReflectiveCallable.java:12)</div><div> at org.junit.runners.model.FrameworkMethod.invokeExplosively(FrameworkMethod.java:44)</div><div> at org.junit.internal.runners.statements.InvokeMethod.evaluate(InvokeMethod.java:17)</div><div> at org.junit.runners.ParentRunner.runLeaf(ParentRunner.java:271)</div><div> at org.junit.runners.BlockJUnit4ClassRunner.runChild(BlockJUnit4ClassRunner.java:70)</div><div> at org.junit.runners.BlockJUnit4ClassRunner.runChild(BlockJUnit4ClassRunner.java:50)</div><div> at org.junit.runners.ParentRunner$3.run(ParentRunner.java:238)</div><div> at org.junit.runners.ParentRunner$1.schedule(ParentRunner.java:63)</div><div> at org.junit.runners.ParentRunner.runChildren(ParentRunner.java:236)</div><div> at org.junit.runners.ParentRunner.access$000(ParentRunner.java:53)</div><div> at org.junit.runners.ParentRunner$2.evaluate(ParentRunner.java:229)</div><div> at org.junit.runners.ParentRunner.run(ParentRunner.java:309)</div><div> at org.eclipse.jdt.internal.junit4.runner.JUnit4TestReference.run(JUnit4TestReference.java:50)</div><div> at org.eclipse.jdt.internal.junit.runner.TestExecution.run(TestExecution.java:38)</div><div> at org.eclipse.jdt.internal.junit.runner.RemoteTestRunner.runTests(RemoteTestRunner.java:459)</div><div> at org.eclipse.jdt.internal.junit.runner.RemoteTestRunner.runTests(RemoteTestRunner.java:675)</div><div> at org.eclipse.jdt.internal.junit.runner.RemoteTestRunner.run(RemoteTestRunner.java:382)</div><div> at org.eclipse.jdt.internal.junit.runner.RemoteTestRunner.main(RemoteTestRunner.java:192)</div></div>
        </td>
</tr>
<tr>
    <td><span class="sortValue">TablaTest.testIsGameOver</span><a href="TablaTest_testIsGameOver_1d.html">TablaTest.testIsGameOver</a></td>
    <td style="whitespace:nowrap;"><span class="sortValue">1432592322822</span>26 may 00:18:42</td>
    <td>      <span class="sortValue">3</span><span class="aui-lozenge aui-lozenge-error">FAIL</span>
  </td>
    <td><span class="sortValue">0.001</span>0,001</td>
    <td style="width:50%">
    <span class="sortValue">expected:&lt;true&gt;&#160;but&#160;was:&lt;false&gt;</span>
        <span class="expand" id="togglebut4" onclick="toggleNodeExpansion('togglebut4', 'msgc4', 'msge4');return false;">&#160;</span>
        <div class="errorMessage" id="msgc4">expected:&lt;true&gt;&#160;but&#160;was:&lt;false&gt;</div>
        <div class="errorMessage" id="msge4" style="display:none;"> <div>java.lang.AssertionError: expected:&lt;true&gt; but was:&lt;false&gt;</div><div> at org.junit.Assert.fail(Assert.java:88)</div><div> at org.junit.Assert.failNotEquals(Assert.java:743)</div><div> at org.junit.Assert.assertEquals(Assert.java:118)</div><div> at org.junit.Assert.assertEquals(Assert.java:144)</div><div>	at <a href="../Juego/TablaTest.html?line=45#src-45">Juego.TablaTest.testIsGameOver(TablaTest.java:45)</a></div><div> at org.junit.runners.model.FrameworkMethod$1.runReflectiveCall(FrameworkMethod.java:47)</div><div> at org.junit.internal.runners.model.ReflectiveCallable.run(ReflectiveCallable.java:12)</div><div> at org.junit.runners.model.FrameworkMethod.invokeExplosively(FrameworkMethod.java:44)</div><div> at org.junit.internal.runners.statements.InvokeMethod.evaluate(InvokeMethod.java:17)</div><div> at org.junit.runners.ParentRunner.runLeaf(ParentRunner.java:271)</div><div> at org.junit.runners.BlockJUnit4ClassRunner.runChild(BlockJUnit4ClassRunner.java:70)</div><div> at org.junit.runners.BlockJUnit4ClassRunner.runChild(BlockJUnit4ClassRunner.java:50)</div><div> at org.junit.runners.ParentRunner$3.run(ParentRunner.java:238)</div><div> at org.junit.runners.ParentRunner$1.schedule(ParentRunner.java:63)</div><div> at org.junit.runners.ParentRunner.runChildren(ParentRunner.java:236)</div><div> at org.junit.runners.ParentRunner.access$000(ParentRunner.java:53)</div><div> at org.junit.runners.ParentRunner$2.evaluate(ParentRunner.java:229)</div><div> at org.junit.runners.ParentRunner.run(ParentRunner.java:309)</div><div> at org.eclipse.jdt.internal.junit4.runner.JUnit4TestReference.run(JUnit4TestReference.java:50)</div><div> at org.eclipse.jdt.internal.junit.runner.TestExecution.run(TestExecution.java:38)</div><div> at org.eclipse.jdt.internal.junit.runner.RemoteTestRunner.runTests(RemoteTestRunner.java:459)</div><div> at org.eclipse.jdt.internal.junit.runner.RemoteTestRunner.runTests(RemoteTestRunner.java:675)</div><div> at org.eclipse.jdt.internal.junit.runner.RemoteTestRunner.run(RemoteTestRunner.java:382)</div><div> at org.eclipse.jdt.internal.junit.runner.RemoteTestRunner.main(RemoteTestRunner.java:192)</div></div>
        </td>
</tr>
<tr>
    <td><span class="sortValue">TablaTest.testIsGameOver</span><a href="TablaTest_testIsGameOver_1q.html">TablaTest.testIsGameOver</a></td>
    <td style="whitespace:nowrap;"><span class="sortValue">1432589053211</span>25 may 23:24:13</td>
    <td>      <span class="sortValue">3</span><span class="aui-lozenge aui-lozenge-error">FAIL</span>
  </td>
    <td><span class="sortValue">0.001</span>0,001</td>
    <td style="width:50%">
    <span class="sortValue">Not&#160;yet&#160;implemented</span>
        <span class="expand" id="togglebut5" onclick="toggleNodeExpansion('togglebut5', 'msgc5', 'msge5');return false;">&#160;</span>
        <div class="errorMessage" id="msgc5">Not&#160;yet&#160;implemented</div>
        <div class="errorMessage" id="msge5" style="display:none;"> <div>java.lang.AssertionError: Not yet implemented</div><div> at org.junit.Assert.fail(Assert.java:88)</div><div>	at <a href="../Juego/TablaTest.html?line=55#src-55">Juego.TablaTest.testIsGameOver(TablaTest.java:55)</a></div><div> at org.junit.runners.model.FrameworkMethod$1.runReflectiveCall(FrameworkMethod.java:47)</div><div> at org.junit.internal.runners.model.ReflectiveCallable.run(ReflectiveCallable.java:12)</div><div> at org.junit.runners.model.FrameworkMethod.invokeExplosively(FrameworkMethod.java:44)</div><div> at org.junit.internal.runners.statements.InvokeMethod.evaluate(InvokeMethod.java:17)</div><div> at org.junit.runners.ParentRunner.runLeaf(ParentRunner.java:271)</div><div> at org.junit.runners.BlockJUnit4ClassRunner.runChild(BlockJUnit4ClassRunner.java:70)</div><div> at org.junit.runners.BlockJUnit4ClassRunner.runChild(BlockJUnit4ClassRunner.java:50)</div><div> at org.junit.runners.ParentRunner$3.run(ParentRunner.java:238)</div><div> at org.junit.runners.ParentRunner$1.schedule(ParentRunner.java:63)</div><div> at org.junit.runners.ParentRunner.runChildren(ParentRunner.java:236)</div><div> at org.junit.runners.ParentRunner.access$000(ParentRunner.java:53)</div><div> at org.junit.runners.ParentRunner$2.evaluate(ParentRunner.java:229)</div><div> at org.junit.runners.ParentRunner.run(ParentRunner.java:309)</div><div> at org.eclipse.jdt.internal.junit4.runner.JUnit4TestReference.run(JUnit4TestReference.java:50)</div><div> at org.eclipse.jdt.internal.junit.runner.TestExecution.run(TestExecution.java:38)</div><div> at org.eclipse.jdt.internal.junit.runner.RemoteTestRunner.runTests(RemoteTestRunner.java:459)</div><div> at org.eclipse.jdt.internal.junit.runner.RemoteTestRunner.runTests(RemoteTestRunner.java:675)</div><div> at org.eclipse.jdt.internal.junit.runner.RemoteTestRunner.run(RemoteTestRunner.java:382)</div><div> at org.eclipse.jdt.internal.junit.runner.RemoteTestRunner.main(RemoteTestRunner.java:192)</div></div>
        </td>
</tr>
<tr>
    <td><span class="sortValue">TablaTest.testRun</span><a href="">TablaTest.testRun</a></td>
    <td style="whitespace:nowrap;"><span class="sortValue">1432589052911</span>25 may 23:24:12</td>
    <td>      <span class="sortValue">3</span><span class="aui-lozenge aui-lozenge-error">FAIL</span>
  </td>
    <td><span class="sortValue">0.12</span>0,12</td>
    <td style="width:50%">
    <span class="sortValue">Not&#160;yet&#160;implemented</span>
        <span class="expand" id="togglebut6" onclick="toggleNodeExpansion('togglebut6', 'msgc6', 'msge6');return false;">&#160;</span>
        <div class="errorMessage" id="msgc6">Not&#160;yet&#160;implemented</div>
        <div class="errorMessage" id="msge6" style="display:none;"> <div>java.lang.AssertionError: Not yet implemented</div><div> at org.junit.Assert.fail(Assert.java:88)</div><div>	at <a href="../Juego/TablaTest.html?line=40#src-40">Juego.TablaTest.testRun(TablaTest.java:40)</a></div><div> at org.junit.runners.model.FrameworkMethod$1.runReflectiveCall(FrameworkMethod.java:47)</div><div> at org.junit.internal.runners.model.ReflectiveCallable.run(ReflectiveCallable.java:12)</div><div> at org.junit.runners.model.FrameworkMethod.invokeExplosively(FrameworkMethod.java:44)</div><div> at org.junit.internal.runners.statements.InvokeMethod.evaluate(InvokeMethod.java:17)</div><div> at org.junit.runners.ParentRunner.runLeaf(ParentRunner.java:271)</div><div> at org.junit.runners.BlockJUnit4ClassRunner.runChild(BlockJUnit4ClassRunner.java:70)</div><div> at org.junit.runners.BlockJUnit4ClassRunner.runChild(BlockJUnit4ClassRunner.java:50)</div><div> at org.junit.runners.ParentRunner$3.run(ParentRunner.java:238)</div><div> at org.junit.runners.ParentRunner$1.schedule(ParentRunner.java:63)</div><div> at org.junit.runners.ParentRunner.runChildren(ParentRunner.java:236)</div><div> at org.junit.runners.ParentRunner.access$000(ParentRunner.java:53)</div><div> at org.junit.runners.ParentRunner$2.evaluate(ParentRunner.java:229)</div><div> at org.junit.runners.ParentRunner.run(ParentRunner.java:309)</div><div> at org.eclipse.jdt.internal.junit4.runner.JUnit4TestReference.run(JUnit4TestReference.java:50)</div><div> at org.eclipse.jdt.internal.junit.runner.TestExecution.run(TestExecution.java:38)</div><div> at org.eclipse.jdt.internal.junit.runner.RemoteTestRunner.runTests(RemoteTestRunner.java:459)</div><div> at org.eclipse.jdt.internal.junit.runner.RemoteTestRunner.runTests(RemoteTestRunner.java:675)</div><div> at org.eclipse.jdt.internal.junit.runner.RemoteTestRunner.run(RemoteTestRunner.java:382)</div><div> at org.eclipse.jdt.internal.junit.runner.RemoteTestRunner.main(RemoteTestRunner.java:192)</div></div>
        </td>
</tr>
<tr>
    <td><span class="sortValue">TablaTest.testPaintComponentGraphics</span><a href="">TablaTest.testPaintComponentGraphics</a></td>
    <td style="whitespace:nowrap;"><span class="sortValue">1432589053167</span>25 may 23:24:13</td>
    <td>      <span class="sortValue">3</span><span class="aui-lozenge aui-lozenge-error">FAIL</span>
  </td>
    <td><span class="sortValue">0.001</span>0,001</td>
    <td style="width:50%">
    <span class="sortValue">Not&#160;yet&#160;implemented</span>
        <span class="expand" id="togglebut7" onclick="toggleNodeExpansion('togglebut7', 'msgc7', 'msge7');return false;">&#160;</span>
        <div class="errorMessage" id="msgc7">Not&#160;yet&#160;implemented</div>
        <div class="errorMessage" id="msge7" style="display:none;"> <div>java.lang.AssertionError: Not yet implemented</div><div> at org.junit.Assert.fail(Assert.java:88)</div><div>	at <a href="../Juego/TablaTest.html?line=75#src-75">Juego.TablaTest.testPaintComponentGraphics(TablaTest.java:75)</a></div><div> at org.junit.runners.model.FrameworkMethod$1.runReflectiveCall(FrameworkMethod.java:47)</div><div> at org.junit.internal.runners.model.ReflectiveCallable.run(ReflectiveCallable.java:12)</div><div> at org.junit.runners.model.FrameworkMethod.invokeExplosively(FrameworkMethod.java:44)</div><div> at org.junit.internal.runners.statements.InvokeMethod.evaluate(InvokeMethod.java:17)</div><div> at org.junit.runners.ParentRunner.runLeaf(ParentRunner.java:271)</div><div> at org.junit.runners.BlockJUnit4ClassRunner.runChild(BlockJUnit4ClassRunner.java:70)</div><div> at org.junit.runners.BlockJUnit4ClassRunner.runChild(BlockJUnit4ClassRunner.java:50)</div><div> at org.junit.runners.ParentRunner$3.run(ParentRunner.java:238)</div><div> at org.junit.runners.ParentRunner$1.schedule(ParentRunner.java:63)</div><div> at org.junit.runners.ParentRunner.runChildren(ParentRunner.java:236)</div><div> at org.junit.runners.ParentRunner.access$000(ParentRunner.java:53)</div><div> at org.junit.runners.ParentRunner$2.evaluate(ParentRunner.java:229)</div><div> at org.junit.runners.ParentRunner.run(ParentRunner.java:309)</div><div> at org.eclipse.jdt.internal.junit4.runner.JUnit4TestReference.run(JUnit4TestReference.java:50)</div><div> at org.eclipse.jdt.internal.junit.runner.TestExecution.run(TestExecution.java:38)</div><div> at org.eclipse.jdt.internal.junit.runner.RemoteTestRunner.runTests(RemoteTestRunner.java:459)</div><div> at org.eclipse.jdt.internal.junit.runner.RemoteTestRunner.runTests(RemoteTestRunner.java:675)</div><div> at org.eclipse.jdt.internal.junit.runner.RemoteTestRunner.run(RemoteTestRunner.java:382)</div><div> at org.eclipse.jdt.internal.junit.runner.RemoteTestRunner.main(RemoteTestRunner.java:192)</div></div>
        </td>
</tr>
<tr>
    <td><span class="sortValue">TablaTest.testIncrementScore</span><a href="">TablaTest.testIncrementScore</a></td>
    <td style="whitespace:nowrap;"><span class="sortValue">1432589053200</span>25 may 23:24:13</td>
    <td>      <span class="sortValue">3</span><span class="aui-lozenge aui-lozenge-error">FAIL</span>
  </td>
    <td><span class="sortValue">0.001</span>0,001</td>
    <td style="width:50%">
    <span class="sortValue">Not&#160;yet&#160;implemented</span>
        <span class="expand" id="togglebut8" onclick="toggleNodeExpansion('togglebut8', 'msgc8', 'msge8');return false;">&#160;</span>
        <div class="errorMessage" id="msgc8">Not&#160;yet&#160;implemented</div>
        <div class="errorMessage" id="msge8" style="display:none;"> <div>java.lang.AssertionError: Not yet implemented</div><div> at org.junit.Assert.fail(Assert.java:88)</div><div>	at <a href="../Juego/TablaTest.html?line=65#src-65">Juego.TablaTest.testIncrementScore(TablaTest.java:65)</a></div><div> at org.junit.runners.model.FrameworkMethod$1.runReflectiveCall(FrameworkMethod.java:47)</div><div> at org.junit.internal.runners.model.ReflectiveCallable.run(ReflectiveCallable.java:12)</div><div> at org.junit.runners.model.FrameworkMethod.invokeExplosively(FrameworkMethod.java:44)</div><div> at org.junit.internal.runners.statements.InvokeMethod.evaluate(InvokeMethod.java:17)</div><div> at org.junit.runners.ParentRunner.runLeaf(ParentRunner.java:271)</div><div> at org.junit.runners.BlockJUnit4ClassRunner.runChild(BlockJUnit4ClassRunner.java:70)</div><div> at org.junit.runners.BlockJUnit4ClassRunner.runChild(BlockJUnit4ClassRunner.java:50)</div><div> at org.junit.runners.ParentRunner$3.run(ParentRunner.java:238)</div><div> at org.junit.runners.ParentRunner$1.schedule(ParentRunner.java:63)</div><div> at org.junit.runners.ParentRunner.runChildren(ParentRunner.java:236)</div><div> at org.junit.runners.ParentRunner.access$000(ParentRunner.java:53)</div><div> at org.junit.runners.ParentRunner$2.evaluate(ParentRunner.java:229)</div><div> at org.junit.runners.ParentRunner.run(ParentRunner.java:309)</div><div> at org.eclipse.jdt.internal.junit4.runner.JUnit4TestReference.run(JUnit4TestReference.java:50)</div><div> at org.eclipse.jdt.internal.junit.runner.TestExecution.run(TestExecution.java:38)</div><div> at org.eclipse.jdt.internal.junit.runner.RemoteTestRunner.runTests(RemoteTestRunner.java:459)</div><div> at org.eclipse.jdt.internal.junit.runner.RemoteTestRunner.runTests(RemoteTestRunner.java:675)</div><div> at org.eclipse.jdt.internal.junit.runner.RemoteTestRunner.run(RemoteTestRunner.java:382)</div><div> at org.eclipse.jdt.internal.junit.runner.RemoteTestRunner.main(RemoteTestRunner.java:192)</div></div>
        </td>
</tr>
<tr>
    <td><span class="sortValue">TablaTest.testNewFood</span><a href="TablaTest_testNewFood_2y.html">TablaTest.testNewFood</a></td>
    <td style="whitespace:nowrap;"><span class="sortValue">1432589053221</span>25 may 23:24:13</td>
    <td>      <span class="sortValue">3</span><span class="aui-lozenge aui-lozenge-error">FAIL</span>
  </td>
    <td><span class="sortValue">0.001</span>0,001</td>
    <td style="width:50%">
    <span class="sortValue">Not&#160;yet&#160;implemented</span>
        <span class="expand" id="togglebut9" onclick="toggleNodeExpansion('togglebut9', 'msgc9', 'msge9');return false;">&#160;</span>
        <div class="errorMessage" id="msgc9">Not&#160;yet&#160;implemented</div>
        <div class="errorMessage" id="msge9" style="display:none;"> <div>java.lang.AssertionError: Not yet implemented</div><div> at org.junit.Assert.fail(Assert.java:88)</div><div>	at <a href="../Juego/TablaTest.html?line=35#src-35">Juego.TablaTest.testNewFood(TablaTest.java:35)</a></div><div> at org.junit.runners.model.FrameworkMethod$1.runReflectiveCall(FrameworkMethod.java:47)</div><div> at org.junit.internal.runners.model.ReflectiveCallable.run(ReflectiveCallable.java:12)</div><div> at org.junit.runners.model.FrameworkMethod.invokeExplosively(FrameworkMethod.java:44)</div><div> at org.junit.internal.runners.statements.InvokeMethod.evaluate(InvokeMethod.java:17)</div><div> at org.junit.runners.ParentRunner.runLeaf(ParentRunner.java:271)</div><div> at org.junit.runners.BlockJUnit4ClassRunner.runChild(BlockJUnit4ClassRunner.java:70)</div><div> at org.junit.runners.BlockJUnit4ClassRunner.runChild(BlockJUnit4ClassRunner.java:50)</div><div> at org.junit.runners.ParentRunner$3.run(ParentRunner.java:238)</div><div> at org.junit.runners.ParentRunner$1.schedule(ParentRunner.java:63)</div><div> at org.junit.runners.ParentRunner.runChildren(ParentRunner.java:236)</div><div> at org.junit.runners.ParentRunner.access$000(ParentRunner.java:53)</div><div> at org.junit.runners.ParentRunner$2.evaluate(ParentRunner.java:229)</div><div> at org.junit.runners.ParentRunner.run(ParentRunner.java:309)</div><div> at org.eclipse.jdt.internal.junit4.runner.JUnit4TestReference.run(JUnit4TestReference.java:50)</div><div> at org.eclipse.jdt.internal.junit.runner.TestExecution.run(TestExecution.java:38)</div><div> at org.eclipse.jdt.internal.junit.runner.RemoteTestRunner.runTests(RemoteTestRunner.java:459)</div><div> at org.eclipse.jdt.internal.junit.runner.RemoteTestRunner.runTests(RemoteTestRunner.java:675)</div><div> at org.eclipse.jdt.internal.junit.runner.RemoteTestRunner.run(RemoteTestRunner.java:382)</div><div> at org.eclipse.jdt.internal.junit.runner.RemoteTestRunner.main(RemoteTestRunner.java:192)</div></div>
        </td>
</tr>
<tr>
    <td><span class="sortValue">TablaTest.testPintarComida</span><a href="">TablaTest.testPintarComida</a></td>
    <td style="whitespace:nowrap;"><span class="sortValue">1432589053206</span>25 may 23:24:13</td>
    <td>      <span class="sortValue">3</span><span class="aui-lozenge aui-lozenge-error">FAIL</span>
  </td>
    <td><span class="sortValue">0.0</span>0</td>
    <td style="width:50%">
    <span class="sortValue">Not&#160;yet&#160;implemented</span>
        <span class="expand" id="togglebut10" onclick="toggleNodeExpansion('togglebut10', 'msgc10', 'msge10');return false;">&#160;</span>
        <div class="errorMessage" id="msgc10">Not&#160;yet&#160;implemented</div>
        <div class="errorMessage" id="msge10" style="display:none;"> <div>java.lang.AssertionError: Not yet implemented</div><div> at org.junit.Assert.fail(Assert.java:88)</div><div>	at <a href="../Juego/TablaTest.html?line=30#src-30">Juego.TablaTest.testPintarComida(TablaTest.java:30)</a></div><div> at org.junit.runners.model.FrameworkMethod$1.runReflectiveCall(FrameworkMethod.java:47)</div><div> at org.junit.internal.runners.model.ReflectiveCallable.run(ReflectiveCallable.java:12)</div><div> at org.junit.runners.model.FrameworkMethod.invokeExplosively(FrameworkMethod.java:44)</div><div> at org.junit.internal.runners.statements.InvokeMethod.evaluate(InvokeMethod.java:17)</div><div> at org.junit.runners.ParentRunner.runLeaf(ParentRunner.java:271)</div><div> at org.junit.runners.BlockJUnit4ClassRunner.runChild(BlockJUnit4ClassRunner.java:70)</div><div> at org.junit.runners.BlockJUnit4ClassRunner.runChild(BlockJUnit4ClassRunner.java:50)</div><div> at org.junit.runners.ParentRunner$3.run(ParentRunner.java:238)</div><div> at org.junit.runners.ParentRunner$1.schedule(ParentRunner.java:63)</div><div> at org.junit.runners.ParentRunner.runChildren(ParentRunner.java:236)</div><div> at org.junit.runners.ParentRunner.access$000(ParentRunner.java:53)</div><div> at org.junit.runners.ParentRunner$2.evaluate(ParentRunner.java:229)</div><div> at org.junit.runners.ParentRunner.run(ParentRunner.java:309)</div><div> at org.eclipse.jdt.internal.junit4.runner.JUnit4TestReference.run(JUnit4TestReference.java:50)</div><div> at org.eclipse.jdt.internal.junit.runner.TestExecution.run(TestExecution.java:38)</div><div> at org.eclipse.jdt.internal.junit.runner.RemoteTestRunner.runTests(RemoteTestRunner.java:459)</div><div> at org.eclipse.jdt.internal.junit.runner.RemoteTestRunner.runTests(RemoteTestRunner.java:675)</div><div> at org.eclipse.jdt.internal.junit.runner.RemoteTestRunner.run(RemoteTestRunner.java:382)</div><div> at org.eclipse.jdt.internal.junit.runner.RemoteTestRunner.main(RemoteTestRunner.java:192)</div></div>
        </td>
</tr>
<tr>
    <td><span class="sortValue">TablaTest.testIsFood</span><a href="TablaTest_testIsFood_4t.html">TablaTest.testIsFood</a></td>
    <td style="whitespace:nowrap;"><span class="sortValue">1432589053216</span>25 may 23:24:13</td>
    <td>      <span class="sortValue">3</span><span class="aui-lozenge aui-lozenge-error">FAIL</span>
  </td>
    <td><span class="sortValue">0.001</span>0,001</td>
    <td style="width:50%">
    <span class="sortValue">Not&#160;yet&#160;implemented</span>
        <span class="expand" id="togglebut11" onclick="toggleNodeExpansion('togglebut11', 'msgc11', 'msge11');return false;">&#160;</span>
        <div class="errorMessage" id="msgc11">Not&#160;yet&#160;implemented</div>
        <div class="errorMessage" id="msge11" style="display:none;"> <div>java.lang.AssertionError: Not yet implemented</div><div> at org.junit.Assert.fail(Assert.java:88)</div><div>	at <a href="../Juego/TablaTest.html?line=50#src-50">Juego.TablaTest.testIsFood(TablaTest.java:50)</a></div><div> at org.junit.runners.model.FrameworkMethod$1.runReflectiveCall(FrameworkMethod.java:47)</div><div> at org.junit.internal.runners.model.ReflectiveCallable.run(ReflectiveCallable.java:12)</div><div> at org.junit.runners.model.FrameworkMethod.invokeExplosively(FrameworkMethod.java:44)</div><div> at org.junit.internal.runners.statements.InvokeMethod.evaluate(InvokeMethod.java:17)</div><div> at org.junit.runners.ParentRunner.runLeaf(ParentRunner.java:271)</div><div> at org.junit.runners.BlockJUnit4ClassRunner.runChild(BlockJUnit4ClassRunner.java:70)</div><div> at org.junit.runners.BlockJUnit4ClassRunner.runChild(BlockJUnit4ClassRunner.java:50)</div><div> at org.junit.runners.ParentRunner$3.run(ParentRunner.java:238)</div><div> at org.junit.runners.ParentRunner$1.schedule(ParentRunner.java:63)</div><div> at org.junit.runners.ParentRunner.runChildren(ParentRunner.java:236)</div><div> at org.junit.runners.ParentRunner.access$000(ParentRunner.java:53)</div><div> at org.junit.runners.ParentRunner$2.evaluate(ParentRunner.java:229)</div><div> at org.junit.runners.ParentRunner.run(ParentRunner.java:309)</div><div> at org.eclipse.jdt.internal.junit4.runner.JUnit4TestReference.run(JUnit4TestReference.java:50)</div><div> at org.eclipse.jdt.internal.junit.runner.TestExecution.run(TestExecution.java:38)</div><div> at org.eclipse.jdt.internal.junit.runner.RemoteTestRunner.runTests(RemoteTestRunner.java:459)</div><div> at org.eclipse.jdt.internal.junit.runner.RemoteTestRunner.runTests(RemoteTestRunner.java:675)</div><div> at org.eclipse.jdt.internal.junit.runner.RemoteTestRunner.run(RemoteTestRunner.java:382)</div><div> at org.eclipse.jdt.internal.junit.runner.RemoteTestRunner.main(RemoteTestRunner.java:192)</div></div>
        </td>
</tr>
<tr>
    <td><span class="sortValue">TablaTest.testGameOver</span><a href="">TablaTest.testGameOver</a></td>
    <td style="whitespace:nowrap;"><span class="sortValue">1432589053178</span>25 may 23:24:13</td>
    <td>      <span class="sortValue">3</span><span class="aui-lozenge aui-lozenge-error">FAIL</span>
  </td>
    <td><span class="sortValue">0.001</span>0,001</td>
    <td style="width:50%">
    <span class="sortValue">Not&#160;yet&#160;implemented</span>
        <span class="expand" id="togglebut12" onclick="toggleNodeExpansion('togglebut12', 'msgc12', 'msge12');return false;">&#160;</span>
        <div class="errorMessage" id="msgc12">Not&#160;yet&#160;implemented</div>
        <div class="errorMessage" id="msge12" style="display:none;"> <div>java.lang.AssertionError: Not yet implemented</div><div> at org.junit.Assert.fail(Assert.java:88)</div><div>	at <a href="../Juego/TablaTest.html?line=70#src-70">Juego.TablaTest.testGameOver(TablaTest.java:70)</a></div><div> at org.junit.runners.model.FrameworkMethod$1.runReflectiveCall(FrameworkMethod.java:47)</div><div> at org.junit.internal.runners.model.ReflectiveCallable.run(ReflectiveCallable.java:12)</div><div> at org.junit.runners.model.FrameworkMethod.invokeExplosively(FrameworkMethod.java:44)</div><div> at org.junit.internal.runners.statements.InvokeMethod.evaluate(InvokeMethod.java:17)</div><div> at org.junit.runners.ParentRunner.runLeaf(ParentRunner.java:271)</div><div> at org.junit.runners.BlockJUnit4ClassRunner.runChild(BlockJUnit4ClassRunner.java:70)</div><div> at org.junit.runners.BlockJUnit4ClassRunner.runChild(BlockJUnit4ClassRunner.java:50)</div><div> at org.junit.runners.ParentRunner$3.run(ParentRunner.java:238)</div><div> at org.junit.runners.ParentRunner$1.schedule(ParentRunner.java:63)</div><div> at org.junit.runners.ParentRunner.runChildren(ParentRunner.java:236)</div><div> at org.junit.runners.ParentRunner.access$000(ParentRunner.java:53)</div><div> at org.junit.runners.ParentRunner$2.evaluate(ParentRunner.java:229)</div><div> at org.junit.runners.ParentRunner.run(ParentRunner.java:309)</div><div> at org.eclipse.jdt.internal.junit4.runner.JUnit4TestReference.run(JUnit4TestReference.java:50)</div><div> at org.eclipse.jdt.internal.junit.runner.TestExecution.run(TestExecution.java:38)</div><div> at org.eclipse.jdt.internal.junit.runner.RemoteTestRunner.runTests(RemoteTestRunner.java:459)</div><div> at org.eclipse.jdt.internal.junit.runner.RemoteTestRunner.runTests(RemoteTestRunner.java:675)</div><div> at org.eclipse.jdt.internal.junit.runner.RemoteTestRunner.run(RemoteTestRunner.java:382)</div><div> at org.eclipse.jdt.internal.junit.runner.RemoteTestRunner.main(RemoteTestRunner.java:192)</div></div>
        </td>
</tr>
<tr>
    <td><span class="sortValue">TablaTest.testPintarSerpiente</span><a href="">TablaTest.testPintarSerpiente</a></td>
    <td style="whitespace:nowrap;"><span class="sortValue">1432589053226</span>25 may 23:24:13</td>
    <td>      <span class="sortValue">3</span><span class="aui-lozenge aui-lozenge-error">FAIL</span>
  </td>
    <td><span class="sortValue">0.0</span>0</td>
    <td style="width:50%">
    <span class="sortValue">Not&#160;yet&#160;implemented</span>
        <span class="expand" id="togglebut13" onclick="toggleNodeExpansion('togglebut13', 'msgc13', 'msge13');return false;">&#160;</span>
        <div class="errorMessage" id="msgc13">Not&#160;yet&#160;implemented</div>
        <div class="errorMessage" id="msge13" style="display:none;"> <div>java.lang.AssertionError: Not yet implemented</div><div> at org.junit.Assert.fail(Assert.java:88)</div><div>	at <a href="../Juego/TablaTest.html?line=25#src-25">Juego.TablaTest.testPintarSerpiente(TablaTest.java:25)</a></div><div> at org.junit.runners.model.FrameworkMethod$1.runReflectiveCall(FrameworkMethod.java:47)</div><div> at org.junit.internal.runners.model.ReflectiveCallable.run(ReflectiveCallable.java:12)</div><div> at org.junit.runners.model.FrameworkMethod.invokeExplosively(FrameworkMethod.java:44)</div><div> at org.junit.internal.runners.statements.InvokeMethod.evaluate(InvokeMethod.java:17)</div><div> at org.junit.runners.ParentRunner.runLeaf(ParentRunner.java:271)</div><div> at org.junit.runners.BlockJUnit4ClassRunner.runChild(BlockJUnit4ClassRunner.java:70)</div><div> at org.junit.runners.BlockJUnit4ClassRunner.runChild(BlockJUnit4ClassRunner.java:50)</div><div> at org.junit.runners.ParentRunner$3.run(ParentRunner.java:238)</div><div> at org.junit.runners.ParentRunner$1.schedule(ParentRunner.java:63)</div><div> at org.junit.runners.ParentRunner.runChildren(ParentRunner.java:236)</div><div> at org.junit.runners.ParentRunner.access$000(ParentRunner.java:53)</div><div> at org.junit.runners.ParentRunner$2.evaluate(ParentRunner.java:229)</div><div> at org.junit.runners.ParentRunner.run(ParentRunner.java:309)</div><div> at org.eclipse.jdt.internal.junit4.runner.JUnit4TestReference.run(JUnit4TestReference.java:50)</div><div> at org.eclipse.jdt.internal.junit.runner.TestExecution.run(TestExecution.java:38)</div><div> at org.eclipse.jdt.internal.junit.runner.RemoteTestRunner.runTests(RemoteTestRunner.java:459)</div><div> at org.eclipse.jdt.internal.junit.runner.RemoteTestRunner.runTests(RemoteTestRunner.java:675)</div><div> at org.eclipse.jdt.internal.junit.runner.RemoteTestRunner.run(RemoteTestRunner.java:382)</div><div> at org.eclipse.jdt.internal.junit.runner.RemoteTestRunner.main(RemoteTestRunner.java:192)</div></div>
        </td>
</tr>
<tr>
    <td><span class="sortValue">TablaTest.testSetGameOver</span><a href="TablaTest_testSetGameOver_47.html">TablaTest.testSetGameOver</a></td>
    <td style="whitespace:nowrap;"><span class="sortValue">1432592290901</span>26 may 00:18:10</td>
    <td>      <span class="sortValue">3</span><span class="aui-lozenge aui-lozenge-error">FAIL</span>
  </td>
    <td><span class="sortValue">0.004</span>0,004</td>
    <td style="width:50%">
    <span class="sortValue">expected:&lt;true&gt;&#160;but&#160;was:&lt;false&gt;</span>
        <span class="expand" id="togglebut14" onclick="toggleNodeExpansion('togglebut14', 'msgc14', 'msge14');return false;">&#160;</span>
        <div class="errorMessage" id="msgc14">expected:&lt;true&gt;&#160;but&#160;was:&lt;false&gt;</div>
        <div class="errorMessage" id="msge14" style="display:none;"> <div>java.lang.AssertionError: expected:&lt;true&gt; but was:&lt;false&gt;</div><div> at org.junit.Assert.fail(Assert.java:88)</div><div> at org.junit.Assert.failNotEquals(Assert.java:743)</div><div> at org.junit.Assert.assertEquals(Assert.java:118)</div><div> at org.junit.Assert.assertEquals(Assert.java:144)</div><div>	at <a href="../Juego/TablaTest.html?line=57#src-57">Juego.TablaTest.testSetGameOver(TablaTest.java:57)</a></div><div> at org.junit.runners.model.FrameworkMethod$1.runReflectiveCall(FrameworkMethod.java:47)</div><div> at org.junit.internal.runners.model.ReflectiveCallable.run(ReflectiveCallable.java:12)</div><div> at org.junit.runners.model.FrameworkMethod.invokeExplosively(FrameworkMethod.java:44)</div><div> at org.junit.internal.runners.statements.InvokeMethod.evaluate(InvokeMethod.java:17)</div><div> at org.junit.runners.ParentRunner.runLeaf(ParentRunner.java:271)</div><div> at org.junit.runners.BlockJUnit4ClassRunner.runChild(BlockJUnit4ClassRunner.java:70)</div><div> at org.junit.runners.BlockJUnit4ClassRunner.runChild(BlockJUnit4ClassRunner.java:50)</div><div> at org.junit.runners.ParentRunner$3.run(ParentRunner.java:238)</div><div> at org.junit.runners.ParentRunner$1.schedule(ParentRunner.java:63)</div><div> at org.junit.runners.ParentRunner.runChildren(ParentRunner.java:236)</div><div> at org.junit.runners.ParentRunner.access$000(ParentRunner.java:53)</div><div> at org.junit.runners.ParentRunner$2.evaluate(ParentRunner.java:229)</div><div> at org.junit.runners.ParentRunner.run(ParentRunner.java:309)</div><div> at org.eclipse.jdt.internal.junit4.runner.JUnit4TestReference.run(JUnit4TestReference.java:50)</div><div> at org.eclipse.jdt.internal.junit.runner.TestExecution.run(TestExecution.java:38)</div><div> at org.eclipse.jdt.internal.junit.runner.RemoteTestRunner.runTests(RemoteTestRunner.java:459)</div><div> at org.eclipse.jdt.internal.junit.runner.RemoteTestRunner.runTests(RemoteTestRunner.java:675)</div><div> at org.eclipse.jdt.internal.junit.runner.RemoteTestRunner.run(RemoteTestRunner.java:382)</div><div> at org.eclipse.jdt.internal.junit.runner.RemoteTestRunner.main(RemoteTestRunner.java:192)</div></div>
        </td>
</tr>
<tr>
    <td><span class="sortValue">TablaTest.testIsSerpiente</span><a href="TablaTest_testIsSerpiente_3g.html">TablaTest.testIsSerpiente</a></td>
    <td style="whitespace:nowrap;"><span class="sortValue">1432589053191</span>25 may 23:24:13</td>
    <td>      <span class="sortValue">3</span><span class="aui-lozenge aui-lozenge-error">FAIL</span>
  </td>
    <td><span class="sortValue">0.0</span>0</td>
    <td style="width:50%">
    <span class="sortValue">Not&#160;yet&#160;implemented</span>
        <span class="expand" id="togglebut15" onclick="toggleNodeExpansion('togglebut15', 'msgc15', 'msge15');return false;">&#160;</span>
        <div class="errorMessage" id="msgc15">Not&#160;yet&#160;implemented</div>
        <div class="errorMessage" id="msge15" style="display:none;"> <div>java.lang.AssertionError: Not yet implemented</div><div> at org.junit.Assert.fail(Assert.java:88)</div><div>	at <a href="../Juego/TablaTest.html?line=45#src-45">Juego.TablaTest.testIsSerpiente(TablaTest.java:45)</a></div><div> at org.junit.runners.model.FrameworkMethod$1.runReflectiveCall(FrameworkMethod.java:47)</div><div> at org.junit.internal.runners.model.ReflectiveCallable.run(ReflectiveCallable.java:12)</div><div> at org.junit.runners.model.FrameworkMethod.invokeExplosively(FrameworkMethod.java:44)</div><div> at org.junit.internal.runners.statements.InvokeMethod.evaluate(InvokeMethod.java:17)</div><div> at org.junit.runners.ParentRunner.runLeaf(ParentRunner.java:271)</div><div> at org.junit.runners.BlockJUnit4ClassRunner.runChild(BlockJUnit4ClassRunner.java:70)</div><div> at org.junit.runners.BlockJUnit4ClassRunner.runChild(BlockJUnit4ClassRunner.java:50)</div><div> at org.junit.runners.ParentRunner$3.run(ParentRunner.java:238)</div><div> at org.junit.runners.ParentRunner$1.schedule(ParentRunner.java:63)</div><div> at org.junit.runners.ParentRunner.runChildren(ParentRunner.java:236)</div><div> at org.junit.runners.ParentRunner.access$000(ParentRunner.java:53)</div><div> at org.junit.runners.ParentRunner$2.evaluate(ParentRunner.java:229)</div><div> at org.junit.runners.ParentRunner.run(ParentRunner.java:309)</div><div> at org.eclipse.jdt.internal.junit4.runner.JUnit4TestReference.run(JUnit4TestReference.java:50)</div><div> at org.eclipse.jdt.internal.junit.runner.TestExecution.run(TestExecution.java:38)</div><div> at org.eclipse.jdt.internal.junit.runner.RemoteTestRunner.runTests(RemoteTestRunner.java:459)</div><div> at org.eclipse.jdt.internal.junit.runner.RemoteTestRunner.runTests(RemoteTestRunner.java:675)</div><div> at org.eclipse.jdt.internal.junit.runner.RemoteTestRunner.run(RemoteTestRunner.java:382)</div><div> at org.eclipse.jdt.internal.junit.runner.RemoteTestRunner.main(RemoteTestRunner.java:192)</div></div>
        </td>
</tr>
<tr>
    <td><span class="sortValue">TablaTest.testSetGameOver</span><a href="TablaTest_testSetGameOver_1v.html">TablaTest.testSetGameOver</a></td>
    <td style="whitespace:nowrap;"><span class="sortValue">1432592322800</span>26 may 00:18:42</td>
    <td>      <span class="sortValue">3</span><span class="aui-lozenge aui-lozenge-error">FAIL</span>
  </td>
    <td><span class="sortValue">0.003</span>0,003</td>
    <td style="width:50%">
    <span class="sortValue">expected:&lt;true&gt;&#160;but&#160;was:&lt;false&gt;</span>
        <span class="expand" id="togglebut16" onclick="toggleNodeExpansion('togglebut16', 'msgc16', 'msge16');return false;">&#160;</span>
        <div class="errorMessage" id="msgc16">expected:&lt;true&gt;&#160;but&#160;was:&lt;false&gt;</div>
        <div class="errorMessage" id="msge16" style="display:none;"> <div>java.lang.AssertionError: expected:&lt;true&gt; but was:&lt;false&gt;</div><div> at org.junit.Assert.fail(Assert.java:88)</div><div> at org.junit.Assert.failNotEquals(Assert.java:743)</div><div> at org.junit.Assert.assertEquals(Assert.java:118)</div><div> at org.junit.Assert.assertEquals(Assert.java:144)</div><div>	at <a href="../Juego/TablaTest.html?line=53#src-53">Juego.TablaTest.testSetGameOver(TablaTest.java:53)</a></div><div> at org.junit.runners.model.FrameworkMethod$1.runReflectiveCall(FrameworkMethod.java:47)</div><div> at org.junit.internal.runners.model.ReflectiveCallable.run(ReflectiveCallable.java:12)</div><div> at org.junit.runners.model.FrameworkMethod.invokeExplosively(FrameworkMethod.java:44)</div><div> at org.junit.internal.runners.statements.InvokeMethod.evaluate(InvokeMethod.java:17)</div><div> at org.junit.runners.ParentRunner.runLeaf(ParentRunner.java:271)</div><div> at org.junit.runners.BlockJUnit4ClassRunner.runChild(BlockJUnit4ClassRunner.java:70)</div><div> at org.junit.runners.BlockJUnit4ClassRunner.runChild(BlockJUnit4ClassRunner.java:50)</div><div> at org.junit.runners.ParentRunner$3.run(ParentRunner.java:238)</div><div> at org.junit.runners.ParentRunner$1.schedule(ParentRunner.java:63)</div><div> at org.junit.runners.ParentRunner.runChildren(ParentRunner.java:236)</div><div> at org.junit.runners.ParentRunner.access$000(ParentRunner.java:53)</div><div> at org.junit.runners.ParentRunner$2.evaluate(ParentRunner.java:229)</div><div> at org.junit.runners.ParentRunner.run(ParentRunner.java:309)</div><div> at org.eclipse.jdt.internal.junit4.runner.JUnit4TestReference.run(JUnit4TestReference.java:50)</div><div> at org.eclipse.jdt.internal.junit.runner.TestExecution.run(TestExecution.java:38)</div><div> at org.eclipse.jdt.internal.junit.runner.RemoteTestRunner.runTests(RemoteTestRunner.java:459)</div><div> at org.eclipse.jdt.internal.junit.runner.RemoteTestRunner.runTests(RemoteTestRunner.java:675)</div><div> at org.eclipse.jdt.internal.junit.runner.RemoteTestRunner.run(RemoteTestRunner.java:382)</div><div> at org.eclipse.jdt.internal.junit.runner.RemoteTestRunner.main(RemoteTestRunner.java:192)</div></div>
        </td>
</tr>
<tr>
    <td><span class="sortValue">TablaTest.testIsGameOver</span><a href="TablaTest_testIsGameOver_2a.html">TablaTest.testIsGameOver</a></td>
    <td style="whitespace:nowrap;"><span class="sortValue">1432592257877</span>26 may 00:17:37</td>
    <td>      <span class="sortValue">3</span><span class="aui-lozenge aui-lozenge-error">FAIL</span>
  </td>
    <td><span class="sortValue">0.001</span>0,001</td>
    <td style="width:50%">
    <span class="sortValue">expected:&lt;true&gt;&#160;but&#160;was:&lt;false&gt;</span>
        <span class="expand" id="togglebut17" onclick="toggleNodeExpansion('togglebut17', 'msgc17', 'msge17');return false;">&#160;</span>
        <div class="errorMessage" id="msgc17">expected:&lt;true&gt;&#160;but&#160;was:&lt;false&gt;</div>
        <div class="errorMessage" id="msge17" style="display:none;"> <div>java.lang.AssertionError: expected:&lt;true&gt; but was:&lt;false&gt;</div><div> at org.junit.Assert.fail(Assert.java:88)</div><div> at org.junit.Assert.failNotEquals(Assert.java:743)</div><div> at org.junit.Assert.assertEquals(Assert.java:118)</div><div> at org.junit.Assert.assertEquals(Assert.java:144)</div><div>	at <a href="../Juego/TablaTest.html?line=45#src-45">Juego.TablaTest.testIsGameOver(TablaTest.java:45)</a></div><div> at org.junit.runners.model.FrameworkMethod$1.runReflectiveCall(FrameworkMethod.java:47)</div><div> at org.junit.internal.runners.model.ReflectiveCallable.run(ReflectiveCallable.java:12)</div><div> at org.junit.runners.model.FrameworkMethod.invokeExplosively(FrameworkMethod.java:44)</div><div> at org.junit.internal.runners.statements.InvokeMethod.evaluate(InvokeMethod.java:17)</div><div> at org.junit.runners.ParentRunner.runLeaf(ParentRunner.java:271)</div><div> at org.junit.runners.BlockJUnit4ClassRunner.runChild(BlockJUnit4ClassRunner.java:70)</div><div> at org.junit.runners.BlockJUnit4ClassRunner.runChild(BlockJUnit4ClassRunner.java:50)</div><div> at org.junit.runners.ParentRunner$3.run(ParentRunner.java:238)</div><div> at org.junit.runners.ParentRunner$1.schedule(ParentRunner.java:63)</div><div> at org.junit.runners.ParentRunner.runChildren(ParentRunner.java:236)</div><div> at org.junit.runners.ParentRunner.access$000(ParentRunner.java:53)</div><div> at org.junit.runners.ParentRunner$2.evaluate(ParentRunner.java:229)</div><div> at org.junit.runners.ParentRunner.run(ParentRunner.java:309)</div><div> at org.eclipse.jdt.internal.junit4.runner.JUnit4TestReference.run(JUnit4TestReference.java:50)</div><div> at org.eclipse.jdt.internal.junit.runner.TestExecution.run(TestExecution.java:38)</div><div> at org.eclipse.jdt.internal.junit.runner.RemoteTestRunner.runTests(RemoteTestRunner.java:459)</div><div> at org.eclipse.jdt.internal.junit.runner.RemoteTestRunner.runTests(RemoteTestRunner.java:675)</div><div> at org.eclipse.jdt.internal.junit.runner.RemoteTestRunner.run(RemoteTestRunner.java:382)</div><div> at org.eclipse.jdt.internal.junit.runner.RemoteTestRunner.main(RemoteTestRunner.java:192)</div></div>
        </td>
</tr>
<tr>
    <td><span class="sortValue">TablaTest.testIsGameOver</span><a href="TablaTest_testIsGameOver_1l.html">TablaTest.testIsGameOver</a></td>
    <td style="whitespace:nowrap;"><span class="sortValue">1432592290924</span>26 may 00:18:10</td>
    <td>      <span class="sortValue">3</span><span class="aui-lozenge aui-lozenge-error">FAIL</span>
  </td>
    <td><span class="sortValue">0.001</span>0,001</td>
    <td style="width:50%">
    <span class="sortValue">expected:&lt;true&gt;&#160;but&#160;was:&lt;false&gt;</span>
        <span class="expand" id="togglebut18" onclick="toggleNodeExpansion('togglebut18', 'msgc18', 'msge18');return false;">&#160;</span>
        <div class="errorMessage" id="msgc18">expected:&lt;true&gt;&#160;but&#160;was:&lt;false&gt;</div>
        <div class="errorMessage" id="msge18" style="display:none;"> <div>java.lang.AssertionError: expected:&lt;true&gt; but was:&lt;false&gt;</div><div> at org.junit.Assert.fail(Assert.java:88)</div><div> at org.junit.Assert.failNotEquals(Assert.java:743)</div><div> at org.junit.Assert.assertEquals(Assert.java:118)</div><div> at org.junit.Assert.assertEquals(Assert.java:144)</div><div>	at <a href="../Juego/TablaTest.html?line=45#src-45">Juego.TablaTest.testIsGameOver(TablaTest.java:45)</a></div><div> at org.junit.runners.model.FrameworkMethod$1.runReflectiveCall(FrameworkMethod.java:47)</div><div> at org.junit.internal.runners.model.ReflectiveCallable.run(ReflectiveCallable.java:12)</div><div> at org.junit.runners.model.FrameworkMethod.invokeExplosively(FrameworkMethod.java:44)</div><div> at org.junit.internal.runners.statements.InvokeMethod.evaluate(InvokeMethod.java:17)</div><div> at org.junit.runners.ParentRunner.runLeaf(ParentRunner.java:271)</div><div> at org.junit.runners.BlockJUnit4ClassRunner.runChild(BlockJUnit4ClassRunner.java:70)</div><div> at org.junit.runners.BlockJUnit4ClassRunner.runChild(BlockJUnit4ClassRunner.java:50)</div><div> at org.junit.runners.ParentRunner$3.run(ParentRunner.java:238)</div><div> at org.junit.runners.ParentRunner$1.schedule(ParentRunner.java:63)</div><div> at org.junit.runners.ParentRunner.runChildren(ParentRunner.java:236)</div><div> at org.junit.runners.ParentRunner.access$000(ParentRunner.java:53)</div><div> at org.junit.runners.ParentRunner$2.evaluate(ParentRunner.java:229)</div><div> at org.junit.runners.ParentRunner.run(ParentRunner.java:309)</div><div> at org.eclipse.jdt.internal.junit4.runner.JUnit4TestReference.run(JUnit4TestReference.java:50)</div><div> at org.eclipse.jdt.internal.junit.runner.TestExecution.run(TestExecution.java:38)</div><div> at org.eclipse.jdt.internal.junit.runner.RemoteTestRunner.runTests(RemoteTestRunner.java:459)</div><div> at org.eclipse.jdt.internal.junit.runner.RemoteTestRunner.runTests(RemoteTestRunner.java:675)</div><div> at org.eclipse.jdt.internal.junit.runner.RemoteTestRunner.run(RemoteTestRunner.java:382)</div><div> at org.eclipse.jdt.internal.junit.runner.RemoteTestRunner.main(RemoteTestRunner.java:192)</div></div>
        </td>
</tr>
<tr>
    <td><span class="sortValue">TablaTest.testSetGameOver</span><a href="TablaTest_testSetGameOver_4h.html">TablaTest.testSetGameOver</a></td>
    <td style="whitespace:nowrap;"><span class="sortValue">1432592399283</span>26 may 00:19:59</td>
    <td>      <span class="sortValue">1</span><span class="aui-lozenge aui-lozenge-success">PASS</span>
  </td>
    <td><span class="sortValue">0.001</span>0,001</td>
    <td style="width:50%">
     &#160;     </td>
</tr>
<tr>
    <td><span class="sortValue">TablaTest.testIsGameOver</span><a href="TablaTest_testIsGameOver_3x.html">TablaTest.testIsGameOver</a></td>
    <td style="whitespace:nowrap;"><span class="sortValue">1432592399291</span>26 may 00:19:59</td>
    <td>      <span class="sortValue">1</span><span class="aui-lozenge aui-lozenge-success">PASS</span>
  </td>
    <td><span class="sortValue">0.0</span>0</td>
    <td style="width:50%">
     &#160;     </td>
</tr>
<tr>
    <td><span class="sortValue">TablaTest.testInit</span><a href="TablaTest_testInit_5j.html">TablaTest.testInit</a></td>
    <td style="whitespace:nowrap;"><span class="sortValue">1432592257844</span>26 may 00:17:37</td>
    <td>      <span class="sortValue">1</span><span class="aui-lozenge aui-lozenge-success">PASS</span>
  </td>
    <td><span class="sortValue">0.001</span>0,001</td>
    <td style="width:50%">
     &#160;     </td>
</tr>
<tr>
    <td><span class="sortValue">TablaTest.testInit</span><a href="TablaTest_testInit_38.html">TablaTest.testInit</a></td>
    <td style="whitespace:nowrap;"><span class="sortValue">1432589053173</span>25 may 23:24:13</td>
    <td>      <span class="sortValue">1</span><span class="aui-lozenge aui-lozenge-success">PASS</span>
  </td>
    <td><span class="sortValue">0.002</span>0,002</td>
    <td style="width:50%">
     &#160;     </td>
</tr>
<tr>
    <td><span class="sortValue">TablaTest.testNewFood</span><a href="TablaTest_testNewFood_1j.html">TablaTest.testNewFood</a></td>
    <td style="whitespace:nowrap;"><span class="sortValue">1432592290934</span>26 may 00:18:10</td>
    <td>      <span class="sortValue">1</span><span class="aui-lozenge aui-lozenge-success">PASS</span>
  </td>
    <td><span class="sortValue">0.001</span>0,001</td>
    <td style="width:50%">
     &#160;     </td>
</tr>
<tr>
    <td><span class="sortValue">TablaTest.testInit</span><a href="TablaTest_testInit_3i.html">TablaTest.testInit</a></td>
    <td style="whitespace:nowrap;"><span class="sortValue">1432592399274</span>26 may 00:19:59</td>
    <td>      <span class="sortValue">1</span><span class="aui-lozenge aui-lozenge-success">PASS</span>
  </td>
    <td><span class="sortValue">0.001</span>0,001</td>
    <td style="width:50%">
     &#160;     </td>
</tr>
<tr>
    <td><span class="sortValue">TablaTest.testIsFood</span><a href="TablaTest_testIsFood_2c.html">TablaTest.testIsFood</a></td>
    <td style="whitespace:nowrap;"><span class="sortValue">1432592399294</span>26 may 00:19:59</td>
    <td>      <span class="sortValue">1</span><span class="aui-lozenge aui-lozenge-success">PASS</span>
  </td>
    <td><span class="sortValue">0.0</span>0</td>
    <td style="width:50%">
     &#160;     </td>
</tr>
<tr>
    <td><span class="sortValue">TablaTest.testIsSerpiente</span><a href="TablaTest_testIsSerpiente_32.html">TablaTest.testIsSerpiente</a></td>
    <td style="whitespace:nowrap;"><span class="sortValue">1432592290919</span>26 may 00:18:10</td>
    <td>      <span class="sortValue">1</span><span class="aui-lozenge aui-lozenge-success">PASS</span>
  </td>
    <td><span class="sortValue">0.0</span>0</td>
    <td style="width:50%">
     &#160;     </td>
</tr>
<tr>
    <td><span class="sortValue">TablaTest.testTabla</span><a href="TablaTest_testTabla_5e.html">TablaTest.testTabla</a></td>
    <td style="whitespace:nowrap;"><span class="sortValue">1432592290864</span>26 may 00:18:10</td>
    <td>      <span class="sortValue">1</span><span class="aui-lozenge aui-lozenge-success">PASS</span>
  </td>
    <td><span class="sortValue">0.016</span>0,016</td>
    <td style="width:50%">
     &#160;     </td>
</tr>
<tr>
    <td><span class="sortValue">TablaTest.testTabla</span><a href="TablaTest_testTabla_5.html">TablaTest.testTabla</a></td>
    <td style="whitespace:nowrap;"><span class="sortValue">1432592322764</span>26 may 00:18:42</td>
    <td>      <span class="sortValue">1</span><span class="aui-lozenge aui-lozenge-success">PASS</span>
  </td>
    <td><span class="sortValue">0.015</span>0,015</td>
    <td style="width:50%">
     &#160;     </td>
</tr>
<tr>
    <td><span class="sortValue">TablaTest.testNewFood</span><a href="TablaTest_testNewFood_5d.html">TablaTest.testNewFood</a></td>
    <td style="whitespace:nowrap;"><span class="sortValue">1432592257888</span>26 may 00:17:37</td>
    <td>      <span class="sortValue">1</span><span class="aui-lozenge aui-lozenge-success">PASS</span>
  </td>
    <td><span class="sortValue">0.0</span>0</td>
    <td style="width:50%">
     &#160;     </td>
</tr>
<tr>
    <td><span class="sortValue">TablaTest.testInit</span><a href="TablaTest_testInit_1y.html">TablaTest.testInit</a></td>
    <td style="whitespace:nowrap;"><span class="sortValue">1432592290891</span>26 may 00:18:10</td>
    <td>      <span class="sortValue">1</span><span class="aui-lozenge aui-lozenge-success">PASS</span>
  </td>
    <td><span class="sortValue">0.001</span>0,001</td>
    <td style="width:50%">
     &#160;     </td>
</tr>
<tr>
    <td><span class="sortValue">TablaTest.testIsSerpiente</span><a href="TablaTest_testIsSerpiente_4j.html">TablaTest.testIsSerpiente</a></td>
    <td style="whitespace:nowrap;"><span class="sortValue">1432592322817</span>26 may 00:18:42</td>
    <td>      <span class="sortValue">1</span><span class="aui-lozenge aui-lozenge-success">PASS</span>
  </td>
    <td><span class="sortValue">0.0</span>0</td>
    <td style="width:50%">
     &#160;     </td>
</tr>
<tr>
    <td><span class="sortValue">TablaTest.testIsSerpiente</span><a href="TablaTest_testIsSerpiente_4s.html">TablaTest.testIsSerpiente</a></td>
    <td style="whitespace:nowrap;"><span class="sortValue">1432592399287</span>26 may 00:19:59</td>
    <td>      <span class="sortValue">1</span><span class="aui-lozenge aui-lozenge-success">PASS</span>
  </td>
    <td><span class="sortValue">0.0</span>0</td>
    <td style="width:50%">
     &#160;     </td>
</tr>
<tr>
    <td><span class="sortValue">TablaTest.testTabla</span><a href="TablaTest_testTabla_1s.html">TablaTest.testTabla</a></td>
    <td style="whitespace:nowrap;"><span class="sortValue">1432592399247</span>26 may 00:19:59</td>
    <td>      <span class="sortValue">1</span><span class="aui-lozenge aui-lozenge-success">PASS</span>
  </td>
    <td><span class="sortValue">0.016</span>0,016</td>
    <td style="width:50%">
     &#160;     </td>
</tr>
<tr>
    <td><span class="sortValue">TablaTest.testIsFood</span><a href="TablaTest_testIsFood_20.html">TablaTest.testIsFood</a></td>
    <td style="whitespace:nowrap;"><span class="sortValue">1432592322829</span>26 may 00:18:42</td>
    <td>      <span class="sortValue">1</span><span class="aui-lozenge aui-lozenge-success">PASS</span>
  </td>
    <td><span class="sortValue">0.0</span>0</td>
    <td style="width:50%">
     &#160;     </td>
</tr>
<tr>
    <td><span class="sortValue">TablaTest.testInit</span><a href="TablaTest_testInit_2z.html">TablaTest.testInit</a></td>
    <td style="whitespace:nowrap;"><span class="sortValue">1432592322789</span>26 may 00:18:42</td>
    <td>      <span class="sortValue">1</span><span class="aui-lozenge aui-lozenge-success">PASS</span>
  </td>
    <td><span class="sortValue">0.001</span>0,001</td>
    <td style="width:50%">
     &#160;     </td>
</tr>
<tr>
    <td><span class="sortValue">TablaTest.testNewFood</span><a href="TablaTest_testNewFood_3.html">TablaTest.testNewFood</a></td>
    <td style="whitespace:nowrap;"><span class="sortValue">1432592322833</span>26 may 00:18:42</td>
    <td>      <span class="sortValue">1</span><span class="aui-lozenge aui-lozenge-success">PASS</span>
  </td>
    <td><span class="sortValue">0.0</span>0</td>
    <td style="width:50%">
     &#160;     </td>
</tr>
<tr>
    <td><span class="sortValue">TablaTest.testTabla</span><a href="TablaTest_testTabla_14.html">TablaTest.testTabla</a></td>
    <td style="whitespace:nowrap;"><span class="sortValue">1432592257817</span>26 may 00:17:37</td>
    <td>      <span class="sortValue">1</span><span class="aui-lozenge aui-lozenge-success">PASS</span>
  </td>
    <td><span class="sortValue">0.018</span>0,018</td>
    <td style="width:50%">
     &#160;     </td>
</tr>
<tr>
    <td><span class="sortValue">TablaTest.testNewFood</span><a href="TablaTest_testNewFood_34.html">TablaTest.testNewFood</a></td>
    <td style="whitespace:nowrap;"><span class="sortValue">1432592399297</span>26 may 00:19:59</td>
    <td>      <span class="sortValue">1</span><span class="aui-lozenge aui-lozenge-success">PASS</span>
  </td>
    <td><span class="sortValue">0.0</span>0</td>
    <td style="width:50%">
     &#160;     </td>
</tr>
<tr>
    <td><span class="sortValue">TablaTest.testIsSerpiente</span><a href="TablaTest_testIsSerpiente_50.html">TablaTest.testIsSerpiente</a></td>
    <td style="whitespace:nowrap;"><span class="sortValue">1432592257872</span>26 may 00:17:37</td>
    <td>      <span class="sortValue">1</span><span class="aui-lozenge aui-lozenge-success">PASS</span>
  </td>
    <td><span class="sortValue">0.001</span>0,001</td>
    <td style="width:50%">
     &#160;     </td>
</tr>
<tr>
    <td><span class="sortValue">TablaTest.testTabla</span><a href="TablaTest_testTabla_2p.html">TablaTest.testTabla</a></td>
    <td style="whitespace:nowrap;"><span class="sortValue">1432589053150</span>25 may 23:24:13</td>
    <td>      <span class="sortValue">1</span><span class="aui-lozenge aui-lozenge-success">PASS</span>
  </td>
    <td><span class="sortValue">0.002</span>0,002</td>
    <td style="width:50%">
     &#160;     </td>
</tr>
<tr>
    <td><span class="sortValue">TablaTest.testIsFood</span><a href="TablaTest_testIsFood_28.html">TablaTest.testIsFood</a></td>
    <td style="whitespace:nowrap;"><span class="sortValue">1432592290931</span>26 may 00:18:10</td>
    <td>      <span class="sortValue">1</span><span class="aui-lozenge aui-lozenge-success">PASS</span>
  </td>
    <td><span class="sortValue">0.0</span>0</td>
    <td style="width:50%">
     &#160;     </td>
</tr>

    </tbody>
</table>

    </div> <!-- tabs-pane -->
</div> <!-- aui-tabs horizontal-tabs -->

                        </div> <!-- class="aui-page-panel-content-clover" -->
                    <footer id="footer" role="contentinfo">
    <section class="footer-body">
        <ul>
            <li>
                Report generated by <a target="_new" href="http://www.atlassian.com/software/clover">Atlassian Clover</a> v 4.0.4
                on mi√© may 27 2015 01:14:00 CEST using coverage data from mi√© may 27 2015 01:10:25 CEST.
            </li>
        </ul>
        <ul>
            <li>Clover Evaluation License registered to Clover Plugin. You have 21 day(s) before your license expires.</li>
        </ul>
        <div id="footer-logo">
            <a target="_blank" href="http://www.atlassian.com/">
                Atlassian
            </a>
        </div>
    </section>
</footer>                </section> <!-- class="aui-page-panel-content" -->
            </div> <!-- class="aui-page-panel-inner" -->
        </div> <!-- class="aui-page-panel" -->
    </div> <!-- id="page" -->
</body>
</html>